{"contracts/impl/JOJODealer.sol":{"l":{"16":123,"17":123},"path":"/Users/leimingda/Documents/jojo/contracts/impl/JOJODealer.sol","s":{"1":123,"2":123},"b":{},"f":{"1":123},"fnMap":{"1":{"name":"constructor","line":15,"loc":{"start":{"line":15,"column":4},"end":{"line":22,"column":4}}}},"statementMap":{"1":{"start":{"line":16,"column":8},"end":{"line":16,"column":41}},"2":{"start":{"line":17,"column":8},"end":{"line":17,"column":426}}},"branchMap":{}},"contracts/impl/JOJOExternal.sol":{"l":{"26":103,"33":6,"37":6,"50":67,"55":54,"75":11,"76":11,"77":11,"84":8,"87":8,"88":8,"91":8,"92":8,"93":8,"100":8,"108":8,"116":11},"path":"/Users/leimingda/Documents/jojo/contracts/impl/JOJOExternal.sol","s":{"1":103,"2":6,"3":6,"4":67,"5":54,"6":11,"7":11,"8":11,"9":8,"10":8,"11":8,"12":8,"13":8,"14":8,"15":8,"16":8,"17":11},"b":{},"f":{"1":103,"2":6,"3":6,"4":67,"5":11,"6":11},"fnMap":{"1":{"name":"deposit","line":25,"loc":{"start":{"line":21,"column":4},"end":{"line":27,"column":4}}},"2":{"name":"requestWithdraw","line":31,"loc":{"start":{"line":29,"column":4},"end":{"line":34,"column":4}}},"3":{"name":"executeWithdraw","line":36,"loc":{"start":{"line":36,"column":4},"end":{"line":38,"column":4}}},"4":{"name":"approveTrade","line":42,"loc":{"start":{"line":42,"column":4},"end":{"line":60,"column":4}}},"5":{"name":"requestLiquidate","line":62,"loc":{"start":{"line":62,"column":4},"end":{"line":113,"column":4}}},"6":{"name":"positionClear","line":115,"loc":{"start":{"line":115,"column":4},"end":{"line":117,"column":4}}}},"statementMap":{"1":{"start":{"line":26,"column":8},"end":{"line":26,"column":66}},"2":{"start":{"line":33,"column":8},"end":{"line":33,"column":70}},"3":{"start":{"line":37,"column":8},"end":{"line":37,"column":42}},"4":{"start":{"line":50,"column":8},"end":{"line":50,"column":1336}},"5":{"start":{"line":55,"column":8},"end":{"line":55,"column":1478}},"6":{"start":{"line":75,"column":8},"end":{"line":75,"column":33}},"7":{"start":{"line":76,"column":8},"end":{"line":76,"column":28}},"8":{"start":{"line":77,"column":8},"end":{"line":77,"column":2019}},"9":{"start":{"line":84,"column":8},"end":{"line":84,"column":67}},"10":{"start":{"line":87,"column":8},"end":{"line":87,"column":73}},"11":{"start":{"line":88,"column":8},"end":{"line":88,"column":48}},"12":{"start":{"line":91,"column":8},"end":{"line":91,"column":70}},"13":{"start":{"line":92,"column":8},"end":{"line":92,"column":72}},"14":{"start":{"line":93,"column":8},"end":{"line":93,"column":2668}},"15":{"start":{"line":100,"column":8},"end":{"line":100,"column":2849}},"16":{"start":{"line":108,"column":8},"end":{"line":108,"column":3062}},"17":{"start":{"line":116,"column":8},"end":{"line":116,"column":48}}},"branchMap":{}},"contracts/impl/JOJOOperation.sol":{"l":{"41":3,"45":2,"49":1,"50":1,"51":1,"52":1,"53":1,"62":14,"63":14,"64":14,"65":14,"66":14,"74":124,"76":1,"77":2,"78":1,"81":1,"85":124,"87":123,"89":124,"95":124,"96":124,"100":41,"101":41,"102":41,"109":1,"110":1,"111":1,"115":41,"116":41},"path":"/Users/leimingda/Documents/jojo/contracts/impl/JOJOOperation.sol","s":{"1":3,"2":2,"3":1,"4":1,"5":1,"6":1,"7":1,"8":14,"9":14,"10":14,"11":14,"12":14,"13":124,"14":1,"15":2,"16":1,"17":1,"18":124,"19":123,"20":124,"21":124,"22":124,"23":41,"24":41,"25":41,"26":1,"27":1,"28":1,"29":41,"30":41},"b":{"1":[2,1],"2":[1,1],"3":[1,123],"4":[1,1],"5":[123,1],"6":[124,0],"7":[41,0]},"f":{"1":3,"2":14,"3":124,"4":41,"5":1,"6":41},"fnMap":{"1":{"name":"handleBadDebt","line":40,"loc":{"start":{"line":40,"column":4},"end":{"line":54,"column":4}}},"2":{"name":"updateFundingRate","line":61,"loc":{"start":{"line":58,"column":4},"end":{"line":68,"column":4}}},"3":{"name":"setPerpRiskParams","line":72,"loc":{"start":{"line":70,"column":4},"end":{"line":97,"column":4}}},"4":{"name":"setInsurance","line":99,"loc":{"start":{"line":99,"column":4},"end":{"line":103,"column":4}}},"5":{"name":"setWithdrawTimeLock","line":107,"loc":{"start":{"line":105,"column":4},"end":{"line":112,"column":4}}},"6":{"name":"setSecondaryAsset","line":114,"loc":{"start":{"line":114,"column":4},"end":{"line":117,"column":4}}}},"statementMap":{"1":{"start":{"line":41,"column":8},"end":{"line":41,"column":1028}},"2":{"start":{"line":45,"column":8},"end":{"line":45,"column":1150}},"3":{"start":{"line":49,"column":8},"end":{"line":49,"column":84}},"4":{"start":{"line":50,"column":8},"end":{"line":50,"column":88}},"5":{"start":{"line":51,"column":8},"end":{"line":51,"column":48}},"6":{"start":{"line":52,"column":8},"end":{"line":52,"column":50}},"7":{"start":{"line":53,"column":8},"end":{"line":53,"column":44}},"8":{"start":{"line":62,"column":8},"end":{"line":62,"column":1799}},"9":{"start":{"line":63,"column":12},"end":{"line":63,"column":78}},"10":{"start":{"line":64,"column":12},"end":{"line":64,"column":46}},"11":{"start":{"line":65,"column":12},"end":{"line":65,"column":42}},"12":{"start":{"line":66,"column":12},"end":{"line":66,"column":69}},"13":{"start":{"line":74,"column":8},"end":{"line":74,"column":2235}},"14":{"start":{"line":76,"column":12},"end":{"line":76,"column":2348}},"15":{"start":{"line":77,"column":16},"end":{"line":77,"column":2424}},"16":{"start":{"line":78,"column":20},"end":{"line":78,"column":2487}},"17":{"start":{"line":81,"column":20},"end":{"line":81,"column":45}},"18":{"start":{"line":85,"column":8},"end":{"line":85,"column":2700}},"19":{"start":{"line":87,"column":12},"end":{"line":87,"column":42}},"20":{"start":{"line":89,"column":8},"end":{"line":89,"column":2857}},"21":{"start":{"line":95,"column":8},"end":{"line":95,"column":41}},"22":{"start":{"line":96,"column":8},"end":{"line":96,"column":46}},"23":{"start":{"line":100,"column":8},"end":{"line":100,"column":46}},"24":{"start":{"line":101,"column":8},"end":{"line":101,"column":37}},"25":{"start":{"line":102,"column":8},"end":{"line":102,"column":53}},"26":{"start":{"line":109,"column":8},"end":{"line":109,"column":60}},"27":{"start":{"line":110,"column":8},"end":{"line":110,"column":51}},"28":{"start":{"line":111,"column":8},"end":{"line":111,"column":74}},"29":{"start":{"line":115,"column":8},"end":{"line":115,"column":86}},"30":{"start":{"line":116,"column":8},"end":{"line":116,"column":45}}},"branchMap":{"1":{"line":41,"type":"if","locations":[{"start":{"line":41,"column":8},"end":{"line":41,"column":8}},{"start":{"line":41,"column":8},"end":{"line":41,"column":8}}]},"2":{"line":45,"type":"if","locations":[{"start":{"line":45,"column":8},"end":{"line":45,"column":8}},{"start":{"line":45,"column":8},"end":{"line":45,"column":8}}]},"3":{"line":74,"type":"if","locations":[{"start":{"line":74,"column":8},"end":{"line":74,"column":8}},{"start":{"line":74,"column":8},"end":{"line":74,"column":8}}]},"4":{"line":77,"type":"if","locations":[{"start":{"line":77,"column":16},"end":{"line":77,"column":16}},{"start":{"line":77,"column":16},"end":{"line":77,"column":16}}]},"5":{"line":85,"type":"if","locations":[{"start":{"line":85,"column":8},"end":{"line":85,"column":8}},{"start":{"line":85,"column":8},"end":{"line":85,"column":8}}]},"6":{"line":89,"type":"if","locations":[{"start":{"line":89,"column":8},"end":{"line":89,"column":8}},{"start":{"line":89,"column":8},"end":{"line":89,"column":8}}]},"7":{"line":115,"type":"if","locations":[{"start":{"line":115,"column":8},"end":{"line":115,"column":8}},{"start":{"line":115,"column":8},"end":{"line":115,"column":8}}]}}},"contracts/impl/JOJOStorage.sol":{"l":{},"path":"/Users/leimingda/Documents/jojo/contracts/impl/JOJOStorage.sol","s":{},"b":{},"f":{},"fnMap":{},"statementMap":{},"branchMap":{}},"contracts/impl/JOJOView.sol":{"l":{"19":1,"27":1,"35":1,"43":391,"47":3,"55":2,"69":32,"70":32,"71":32,"72":32,"73":32,"79":146,"87":17,"88":17,"89":1,"91":16,"99":2,"100":2,"104":2,"118":7,"131":5,"147":1,"155":1},"path":"/Users/leimingda/Documents/jojo/contracts/impl/JOJOView.sol","s":{"1":1,"2":1,"3":1,"4":391,"5":3,"6":2,"7":32,"8":32,"9":32,"10":32,"11":32,"12":146,"13":17,"14":17,"15":1,"16":16,"17":2,"18":2,"19":2,"20":7,"21":5,"22":1,"23":1},"b":{"1":[1,16]},"f":{"1":1,"2":1,"3":1,"4":391,"5":3,"6":2,"7":32,"8":146,"9":17,"10":2,"11":7,"12":5,"13":1,"14":1},"fnMap":{"1":{"name":"getPrimaryAsset","line":18,"loc":{"start":{"line":18,"column":4},"end":{"line":20,"column":4}}},"2":{"name":"getSecondaryAsset","line":22,"loc":{"start":{"line":22,"column":4},"end":{"line":28,"column":4}}},"3":{"name":"getRiskParams","line":30,"loc":{"start":{"line":30,"column":4},"end":{"line":36,"column":4}}},"4":{"name":"getFundingRate","line":38,"loc":{"start":{"line":38,"column":4},"end":{"line":44,"column":4}}},"5":{"name":"getRegisteredPerp","line":46,"loc":{"start":{"line":46,"column":4},"end":{"line":48,"column":4}}},"6":{"name":"getPositions","line":50,"loc":{"start":{"line":50,"column":4},"end":{"line":56,"column":4}}},"7":{"name":"getCreditOf","line":58,"loc":{"start":{"line":58,"column":4},"end":{"line":74,"column":4}}},"8":{"name":"isSafe","line":78,"loc":{"start":{"line":78,"column":4},"end":{"line":80,"column":4}}},"9":{"name":"isPositionSafe","line":82,"loc":{"start":{"line":82,"column":4},"end":{"line":92,"column":4}}},"10":{"name":"getTraderRisk","line":94,"loc":{"start":{"line":94,"column":4},"end":{"line":108,"column":4}}},"11":{"name":"getLiquidationPrice","line":112,"loc":{"start":{"line":112,"column":4},"end":{"line":119,"column":4}}},"12":{"name":"getLiquidationCost","line":121,"loc":{"start":{"line":121,"column":4},"end":{"line":138,"column":4}}},"13":{"name":"getOrderHash","line":142,"loc":{"start":{"line":142,"column":4},"end":{"line":148,"column":4}}},"14":{"name":"getOrderFilledAmount","line":150,"loc":{"start":{"line":150,"column":4},"end":{"line":156,"column":4}}}},"statementMap":{"1":{"start":{"line":19,"column":8},"end":{"line":19,"column":40}},"2":{"start":{"line":27,"column":8},"end":{"line":27,"column":44}},"3":{"start":{"line":35,"column":8},"end":{"line":35,"column":54}},"4":{"start":{"line":43,"column":8},"end":{"line":43,"column":65}},"5":{"start":{"line":47,"column":8},"end":{"line":47,"column":35}},"6":{"start":{"line":55,"column":8},"end":{"line":55,"column":42}},"7":{"start":{"line":69,"column":8},"end":{"line":69,"column":50}},"8":{"start":{"line":70,"column":8},"end":{"line":70,"column":54}},"9":{"start":{"line":71,"column":8},"end":{"line":71,"column":68}},"10":{"start":{"line":72,"column":8},"end":{"line":72,"column":72}},"11":{"start":{"line":73,"column":8},"end":{"line":73,"column":68}},"12":{"start":{"line":79,"column":8},"end":{"line":79,"column":49}},"13":{"start":{"line":87,"column":8},"end":{"line":87,"column":61}},"14":{"start":{"line":88,"column":8},"end":{"line":88,"column":2389}},"15":{"start":{"line":89,"column":12},"end":{"line":89,"column":23}},"16":{"start":{"line":91,"column":8},"end":{"line":91,"column":63}},"17":{"start":{"line":99,"column":8},"end":{"line":99,"column":31}},"18":{"start":{"line":100,"column":8},"end":{"line":100,"column":2686}},"19":{"start":{"line":104,"column":8},"end":{"line":104,"column":2847}},"20":{"start":{"line":118,"column":8},"end":{"line":118,"column":68}},"21":{"start":{"line":131,"column":8},"end":{"line":131,"column":3566}},"22":{"start":{"line":147,"column":8},"end":{"line":147,"column":70}},"23":{"start":{"line":155,"column":8},"end":{"line":155,"column":61}}},"branchMap":{"1":{"line":88,"type":"if","locations":[{"start":{"line":88,"column":8},"end":{"line":88,"column":8}},{"start":{"line":88,"column":8},"end":{"line":88,"column":8}}]}}},"contracts/impl/Perpetual.sol":{"l":{"50":369,"77":324,"78":324,"87":67,"93":54,"95":54,"96":110,"97":110,"98":110,"112":11,"113":11,"114":11,"127":8,"131":2,"140":6,"147":8,"148":8,"149":8,"150":8,"157":11,"158":11,"180":126,"183":126,"184":126,"187":126,"188":126,"189":126,"190":126,"192":11},"path":"/Users/leimingda/Documents/jojo/contracts/impl/Perpetual.sol","s":{"1":369,"2":324,"3":324,"4":67,"5":54,"6":54,"7":110,"8":110,"9":110,"10":11,"11":11,"12":11,"13":8,"14":2,"15":6,"16":8,"17":8,"18":8,"19":8,"20":11,"21":11,"22":126,"23":126,"24":126,"25":126,"26":126,"27":126,"28":126,"29":11},"b":{"1":[110,0],"2":[2,6],"3":[2,0],"4":[6,0],"5":[8,0],"6":[11,115]},"f":{"1":369,"2":324,"3":67,"4":11,"5":11,"6":126},"fnMap":{"1":{"name":"constructor","line":49,"loc":{"start":{"line":49,"column":4},"end":{"line":51,"column":4}}},"2":{"name":"balanceOf","line":72,"loc":{"start":{"line":72,"column":4},"end":{"line":81,"column":4}}},"3":{"name":"trade","line":86,"loc":{"start":{"line":86,"column":4},"end":{"line":100,"column":4}}},"4":{"name":"liquidate","line":105,"loc":{"start":{"line":105,"column":4},"end":{"line":151,"column":4}}},"5":{"name":"changeCredit","line":156,"loc":{"start":{"line":156,"column":4},"end":{"line":159,"column":4}}},"6":{"name":"_settle","line":174,"loc":{"start":{"line":174,"column":4},"end":{"line":194,"column":4}}}},"statementMap":{"1":{"start":{"line":50,"column":8},"end":{"line":50,"column":32}},"2":{"start":{"line":77,"column":8},"end":{"line":77,"column":47}},"3":{"start":{"line":78,"column":8},"end":{"line":78,"column":2412}},"4":{"start":{"line":87,"column":8},"end":{"line":87,"column":2705}},"5":{"start":{"line":93,"column":8},"end":{"line":93,"column":68}},"6":{"start":{"line":95,"column":8},"end":{"line":95,"column":2928}},"7":{"start":{"line":96,"column":12},"end":{"line":96,"column":42}},"8":{"start":{"line":97,"column":12},"end":{"line":97,"column":73}},"9":{"start":{"line":98,"column":12},"end":{"line":98,"column":70}},"10":{"start":{"line":112,"column":8},"end":{"line":112,"column":31}},"11":{"start":{"line":113,"column":8},"end":{"line":113,"column":32}},"12":{"start":{"line":114,"column":8},"end":{"line":114,"column":3675}},"13":{"start":{"line":127,"column":8},"end":{"line":127,"column":4074}},"14":{"start":{"line":131,"column":12},"end":{"line":131,"column":4350}},"15":{"start":{"line":140,"column":12},"end":{"line":140,"column":4787}},"16":{"start":{"line":147,"column":8},"end":{"line":147,"column":68}},"17":{"start":{"line":148,"column":8},"end":{"line":148,"column":75}},"18":{"start":{"line":149,"column":8},"end":{"line":149,"column":71}},"19":{"start":{"line":150,"column":8},"end":{"line":150,"column":74}},"20":{"start":{"line":157,"column":8},"end":{"line":157,"column":57}},"21":{"start":{"line":158,"column":8},"end":{"line":158,"column":45}},"22":{"start":{"line":180,"column":8},"end":{"line":180,"column":6070}},"23":{"start":{"line":183,"column":8},"end":{"line":183,"column":72}},"24":{"start":{"line":184,"column":8},"end":{"line":184,"column":6286}},"25":{"start":{"line":187,"column":8},"end":{"line":187,"column":42}},"26":{"start":{"line":188,"column":8},"end":{"line":188,"column":58}},"27":{"start":{"line":189,"column":8},"end":{"line":189,"column":61}},"28":{"start":{"line":190,"column":8},"end":{"line":190,"column":6562}},"29":{"start":{"line":192,"column":12},"end":{"line":192,"column":49}}},"branchMap":{"1":{"line":98,"type":"if","locations":[{"start":{"line":98,"column":12},"end":{"line":98,"column":12}},{"start":{"line":98,"column":12},"end":{"line":98,"column":12}}]},"2":{"line":127,"type":"if","locations":[{"start":{"line":127,"column":8},"end":{"line":127,"column":8}},{"start":{"line":127,"column":8},"end":{"line":127,"column":8}}]},"3":{"line":131,"type":"if","locations":[{"start":{"line":131,"column":12},"end":{"line":131,"column":12}},{"start":{"line":131,"column":12},"end":{"line":131,"column":12}}]},"4":{"line":140,"type":"if","locations":[{"start":{"line":140,"column":12},"end":{"line":140,"column":12}},{"start":{"line":140,"column":12},"end":{"line":140,"column":12}}]},"5":{"line":150,"type":"if","locations":[{"start":{"line":150,"column":8},"end":{"line":150,"column":8}},{"start":{"line":150,"column":8},"end":{"line":150,"column":8}}]},"6":{"line":190,"type":"if","locations":[{"start":{"line":190,"column":8},"end":{"line":190,"column":8}},{"start":{"line":190,"column":8},"end":{"line":190,"column":8}}]}}},"contracts/intf/IDealer.sol":{"l":{},"path":"/Users/leimingda/Documents/jojo/contracts/intf/IDealer.sol","s":{},"b":{},"f":{},"fnMap":{},"statementMap":{},"branchMap":{}},"contracts/intf/IMarkPriceSource.sol":{"l":{},"path":"/Users/leimingda/Documents/jojo/contracts/intf/IMarkPriceSource.sol","s":{},"b":{},"f":{},"fnMap":{},"statementMap":{},"branchMap":{}},"contracts/intf/IPerpetual.sol":{"l":{},"path":"/Users/leimingda/Documents/jojo/contracts/intf/IPerpetual.sol","s":{},"b":{},"f":{},"fnMap":{},"statementMap":{},"branchMap":{}},"contracts/intf/ITradingProxy.sol":{"l":{},"path":"/Users/leimingda/Documents/jojo/contracts/intf/ITradingProxy.sol","s":{},"b":{},"f":{},"fnMap":{},"statementMap":{},"branchMap":{}},"contracts/lib/EIP712.sol":{"l":{"18":123,"19":123,"20":123,"23":123,"40":133},"path":"/Users/leimingda/Documents/jojo/contracts/lib/EIP712.sol","s":{"1":123,"2":123,"3":123,"4":123,"5":133},"b":{},"f":{"1":123,"2":133},"fnMap":{"1":{"name":"_buildDomainSeparator","line":13,"loc":{"start":{"line":13,"column":4},"end":{"line":33,"column":4}}},"2":{"name":"_hashTypedDataV4","line":35,"loc":{"start":{"line":35,"column":4},"end":{"line":41,"column":4}}}},"statementMap":{"1":{"start":{"line":18,"column":8},"end":{"line":18,"column":51}},"2":{"start":{"line":19,"column":8},"end":{"line":19,"column":57}},"3":{"start":{"line":20,"column":8},"end":{"line":20,"column":538}},"4":{"start":{"line":23,"column":8},"end":{"line":23,"column":688}},"5":{"start":{"line":40,"column":8},"end":{"line":40,"column":65}}},"branchMap":{}},"contracts/lib/Funding.sol":{"l":{"47":103,"48":35,"53":35,"55":103,"56":99,"61":99,"63":103,"71":6,"72":4,"74":6,"75":4,"77":6,"80":6,"89":6,"93":6,"94":6,"95":6,"96":6,"97":6,"107":6,"108":3,"109":3,"111":6,"112":3,"113":3,"116":6,"117":3,"122":3,"128":5},"path":"/Users/leimingda/Documents/jojo/contracts/lib/Funding.sol","s":{"1":103,"2":35,"3":35,"4":103,"5":99,"6":99,"7":103,"8":6,"9":4,"10":6,"11":4,"12":6,"13":6,"14":6,"15":6,"16":6,"17":6,"18":6,"19":6,"20":6,"21":3,"22":3,"23":6,"24":3,"25":3,"26":6,"27":3,"28":3,"29":5},"b":{"1":[35,68],"2":[99,4],"3":[4,2],"4":[4,2],"5":[6,0],"6":[3,3],"7":[3,3],"8":[3,3],"9":[3,0],"10":[2,1]},"f":{"1":103,"2":6,"3":6,"4":6},"fnMap":{"1":{"name":"_deposit","line":41,"loc":{"start":{"line":41,"column":4},"end":{"line":64,"column":4}}},"2":{"name":"_requestWithdraw","line":66,"loc":{"start":{"line":66,"column":4},"end":{"line":86,"column":4}}},"3":{"name":"_executeWithdraw","line":88,"loc":{"start":{"line":88,"column":4},"end":{"line":98,"column":4}}},"4":{"name":"_withdraw","line":100,"loc":{"start":{"line":100,"column":4},"end":{"line":129,"column":4}}}},"statementMap":{"1":{"start":{"line":47,"column":8},"end":{"line":47,"column":1086}},"2":{"start":{"line":48,"column":12},"end":{"line":48,"column":1127}},"3":{"start":{"line":53,"column":12},"end":{"line":53,"column":59}},"4":{"start":{"line":55,"column":8},"end":{"line":55,"column":1352}},"5":{"start":{"line":56,"column":12},"end":{"line":56,"column":1395}},"6":{"start":{"line":61,"column":12},"end":{"line":61,"column":55}},"7":{"start":{"line":63,"column":8},"end":{"line":63,"column":68}},"8":{"start":{"line":71,"column":8},"end":{"line":71,"column":1841}},"9":{"start":{"line":72,"column":12},"end":{"line":72,"column":67}},"10":{"start":{"line":74,"column":8},"end":{"line":74,"column":1954}},"11":{"start":{"line":75,"column":12},"end":{"line":75,"column":71}},"12":{"start":{"line":77,"column":8},"end":{"line":77,"column":2098}},"13":{"start":{"line":80,"column":8},"end":{"line":80,"column":2195}},"14":{"start":{"line":89,"column":8},"end":{"line":89,"column":2457}},"15":{"start":{"line":93,"column":8},"end":{"line":93,"column":72}},"16":{"start":{"line":94,"column":8},"end":{"line":94,"column":76}},"17":{"start":{"line":95,"column":8},"end":{"line":95,"column":51}},"18":{"start":{"line":96,"column":8},"end":{"line":96,"column":53}},"19":{"start":{"line":97,"column":8},"end":{"line":97,"column":71}},"20":{"start":{"line":107,"column":8},"end":{"line":107,"column":3122}},"21":{"start":{"line":108,"column":12},"end":{"line":108,"column":62}},"22":{"start":{"line":109,"column":12},"end":{"line":109,"column":69}},"23":{"start":{"line":111,"column":8},"end":{"line":111,"column":3302}},"24":{"start":{"line":112,"column":12},"end":{"line":112,"column":58}},"25":{"start":{"line":113,"column":12},"end":{"line":113,"column":73}},"26":{"start":{"line":116,"column":8},"end":{"line":116,"column":3481}},"27":{"start":{"line":117,"column":12},"end":{"line":117,"column":3518}},"28":{"start":{"line":122,"column":12},"end":{"line":122,"column":3667}},"29":{"start":{"line":128,"column":8},"end":{"line":128,"column":64}}},"branchMap":{"1":{"line":47,"type":"if","locations":[{"start":{"line":47,"column":8},"end":{"line":47,"column":8}},{"start":{"line":47,"column":8},"end":{"line":47,"column":8}}]},"2":{"line":55,"type":"if","locations":[{"start":{"line":55,"column":8},"end":{"line":55,"column":8}},{"start":{"line":55,"column":8},"end":{"line":55,"column":8}}]},"3":{"line":71,"type":"if","locations":[{"start":{"line":71,"column":8},"end":{"line":71,"column":8}},{"start":{"line":71,"column":8},"end":{"line":71,"column":8}}]},"4":{"line":74,"type":"if","locations":[{"start":{"line":74,"column":8},"end":{"line":74,"column":8}},{"start":{"line":74,"column":8},"end":{"line":74,"column":8}}]},"5":{"line":89,"type":"if","locations":[{"start":{"line":89,"column":8},"end":{"line":89,"column":8}},{"start":{"line":89,"column":8},"end":{"line":89,"column":8}}]},"6":{"line":107,"type":"if","locations":[{"start":{"line":107,"column":8},"end":{"line":107,"column":8}},{"start":{"line":107,"column":8},"end":{"line":107,"column":8}}]},"7":{"line":111,"type":"if","locations":[{"start":{"line":111,"column":8},"end":{"line":111,"column":8}},{"start":{"line":111,"column":8},"end":{"line":111,"column":8}}]},"8":{"line":116,"type":"if","locations":[{"start":{"line":116,"column":8},"end":{"line":116,"column":8}},{"start":{"line":116,"column":8},"end":{"line":116,"column":8}}]},"9":{"line":117,"type":"if","locations":[{"start":{"line":117,"column":12},"end":{"line":117,"column":12}},{"start":{"line":117,"column":12},"end":{"line":117,"column":12}}]},"10":{"line":122,"type":"if","locations":[{"start":{"line":122,"column":12},"end":{"line":122,"column":12}},{"start":{"line":122,"column":12},"end":{"line":122,"column":12}}]}}},"contracts/lib/Liquidation.sol":{"l":{"51":7,"52":7,"53":1,"56":6,"61":6,"62":6,"66":6,"67":6,"96":6,"100":6,"106":6,"107":1,"109":5,"110":5,"111":1,"113":4,"126":196,"127":196,"128":196,"129":196,"130":232,"133":232,"136":232,"138":232,"140":232,"141":232,"142":232,"144":232,"145":232,"146":232,"147":232,"159":3,"164":3,"178":153,"184":153,"197":32,"201":32,"202":32,"223":16,"229":13,"232":13,"233":13,"237":13,"242":13,"243":13,"244":13,"245":13,"246":13,"251":13,"252":13,"260":11,"261":11,"263":11,"264":11,"265":11,"266":11,"268":11,"269":11,"270":11,"271":11,"272":11,"273":11,"274":11},"path":"/Users/leimingda/Documents/jojo/contracts/lib/Liquidation.sol","s":{"1":7,"2":7,"3":1,"4":6,"5":6,"6":6,"7":6,"8":6,"9":6,"10":6,"11":6,"12":1,"13":5,"14":5,"15":1,"16":4,"17":196,"18":196,"19":196,"20":196,"21":232,"22":232,"23":232,"24":232,"25":232,"26":232,"27":232,"28":232,"29":232,"30":232,"31":232,"32":3,"33":3,"34":153,"35":153,"36":32,"37":32,"38":32,"39":16,"40":13,"41":13,"42":13,"43":13,"44":13,"45":13,"46":13,"47":13,"48":13,"49":13,"50":13,"51":11,"52":11,"53":11,"54":11,"55":11,"56":11,"57":11,"58":11,"59":11,"60":11,"61":11,"62":11},"b":{"1":[1,6],"2":[1,5],"3":[1,4],"4":[232,0],"5":[13,3],"6":[13,0],"7":[13,0],"8":[13,0],"9":[11,0],"10":[11,0]},"f":{"1":7,"2":196,"3":3,"4":153,"5":32,"6":16,"7":11},"fnMap":{"1":{"name":"_getLiquidationPrice","line":46,"loc":{"start":{"line":46,"column":4},"end":{"line":115,"column":4}}},"2":{"name":"_getTotalExposure","line":117,"loc":{"start":{"line":117,"column":4},"end":{"line":150,"column":4}}},"3":{"name":"_isSolidSafe","line":154,"loc":{"start":{"line":154,"column":4},"end":{"line":170,"column":4}}},"4":{"name":"_isSafe","line":173,"loc":{"start":{"line":173,"column":4},"end":{"line":189,"column":4}}},"5":{"name":"_isPositionSafe","line":192,"loc":{"start":{"line":192,"column":4},"end":{"line":207,"column":4}}},"6":{"name":"_getLiquidateCreditAmount","line":209,"loc":{"start":{"line":209,"column":4},"end":{"line":255,"column":4}}},"7":{"name":"_positionClear","line":257,"loc":{"start":{"line":257,"column":4},"end":{"line":277,"column":4}}}},"statementMap":{"1":{"start":{"line":51,"column":8},"end":{"line":51,"column":67}},"2":{"start":{"line":52,"column":8},"end":{"line":52,"column":1360}},"3":{"start":{"line":53,"column":12},"end":{"line":53,"column":20}},"4":{"start":{"line":56,"column":8},"end":{"line":56,"column":1426}},"5":{"start":{"line":61,"column":8},"end":{"line":61,"column":67}},"6":{"start":{"line":62,"column":8},"end":{"line":62,"column":1638}},"7":{"start":{"line":66,"column":8},"end":{"line":66,"column":59}},"8":{"start":{"line":67,"column":8},"end":{"line":67,"column":1864}},"9":{"start":{"line":96,"column":8},"end":{"line":96,"column":3303}},"10":{"start":{"line":100,"column":8},"end":{"line":100,"column":3441}},"11":{"start":{"line":106,"column":8},"end":{"line":106,"column":3654}},"12":{"start":{"line":107,"column":12},"end":{"line":107,"column":20}},"13":{"start":{"line":109,"column":8},"end":{"line":109,"column":73}},"14":{"start":{"line":110,"column":8},"end":{"line":110,"column":3811}},"15":{"start":{"line":111,"column":12},"end":{"line":111,"column":20}},"16":{"start":{"line":113,"column":12},"end":{"line":113,"column":47}},"17":{"start":{"line":126,"column":8},"end":{"line":126,"column":28}},"18":{"start":{"line":127,"column":8},"end":{"line":127,"column":29}},"19":{"start":{"line":128,"column":8},"end":{"line":128,"column":25}},"20":{"start":{"line":129,"column":8},"end":{"line":129,"column":4275}},"21":{"start":{"line":130,"column":12},"end":{"line":130,"column":4377}},"22":{"start":{"line":133,"column":12},"end":{"line":133,"column":4501}},"23":{"start":{"line":136,"column":12},"end":{"line":136,"column":4648}},"24":{"start":{"line":138,"column":12},"end":{"line":138,"column":73}},"25":{"start":{"line":140,"column":12},"end":{"line":140,"column":50}},"26":{"start":{"line":141,"column":12},"end":{"line":141,"column":47}},"27":{"start":{"line":142,"column":12},"end":{"line":142,"column":50}},"28":{"start":{"line":144,"column":12},"end":{"line":144,"column":44}},"29":{"start":{"line":145,"column":12},"end":{"line":145,"column":36}},"30":{"start":{"line":146,"column":12},"end":{"line":146,"column":5050}},"31":{"start":{"line":147,"column":16},"end":{"line":147,"column":45}},"32":{"start":{"line":159,"column":8},"end":{"line":159,"column":5417}},"33":{"start":{"line":164,"column":8},"end":{"line":164,"column":5595}},"34":{"start":{"line":178,"column":8},"end":{"line":178,"column":6011}},"35":{"start":{"line":184,"column":8},"end":{"line":184,"column":6190}},"36":{"start":{"line":197,"column":8},"end":{"line":197,"column":6541}},"37":{"start":{"line":201,"column":8},"end":{"line":201,"column":78}},"38":{"start":{"line":202,"column":8},"end":{"line":202,"column":6790}},"39":{"start":{"line":223,"column":8},"end":{"line":223,"column":7301}},"40":{"start":{"line":229,"column":8},"end":{"line":229,"column":7461}},"41":{"start":{"line":232,"column":8},"end":{"line":232,"column":69}},"42":{"start":{"line":233,"column":8},"end":{"line":233,"column":7639}},"43":{"start":{"line":237,"column":8},"end":{"line":237,"column":7799}},"44":{"start":{"line":242,"column":8},"end":{"line":242,"column":67}},"45":{"start":{"line":243,"column":8},"end":{"line":243,"column":63}},"46":{"start":{"line":244,"column":8},"end":{"line":244,"column":79}},"47":{"start":{"line":245,"column":8},"end":{"line":245,"column":75}},"48":{"start":{"line":246,"column":8},"end":{"line":246,"column":8260}},"49":{"start":{"line":251,"column":8},"end":{"line":251,"column":76}},"50":{"start":{"line":252,"column":8},"end":{"line":252,"column":8467}},"51":{"start":{"line":260,"column":8},"end":{"line":260,"column":73}},"52":{"start":{"line":261,"column":8},"end":{"line":261,"column":63}},"53":{"start":{"line":263,"column":8},"end":{"line":263,"column":74}},"54":{"start":{"line":264,"column":8},"end":{"line":264,"column":69}},"55":{"start":{"line":265,"column":8},"end":{"line":265,"column":50}},"56":{"start":{"line":266,"column":8},"end":{"line":266,"column":55}},"57":{"start":{"line":268,"column":8},"end":{"line":268,"column":52}},"58":{"start":{"line":269,"column":8},"end":{"line":269,"column":68}},"59":{"start":{"line":270,"column":8},"end":{"line":270,"column":9196}},"60":{"start":{"line":271,"column":12},"end":{"line":271,"column":9264}},"61":{"start":{"line":272,"column":16},"end":{"line":272,"column":70}},"62":{"start":{"line":273,"column":16},"end":{"line":273,"column":33}}},"branchMap":{"1":{"line":52,"type":"if","locations":[{"start":{"line":52,"column":8},"end":{"line":52,"column":8}},{"start":{"line":52,"column":8},"end":{"line":52,"column":8}}]},"2":{"line":106,"type":"if","locations":[{"start":{"line":106,"column":8},"end":{"line":106,"column":8}},{"start":{"line":106,"column":8},"end":{"line":106,"column":8}}]},"3":{"line":110,"type":"if","locations":[{"start":{"line":110,"column":8},"end":{"line":110,"column":8}},{"start":{"line":110,"column":8},"end":{"line":110,"column":8}}]},"4":{"line":146,"type":"if","locations":[{"start":{"line":146,"column":12},"end":{"line":146,"column":12}},{"start":{"line":146,"column":12},"end":{"line":146,"column":12}}]},"5":{"line":223,"type":"if","locations":[{"start":{"line":223,"column":8},"end":{"line":223,"column":8}},{"start":{"line":223,"column":8},"end":{"line":223,"column":8}}]},"6":{"line":232,"type":"if","locations":[{"start":{"line":232,"column":8},"end":{"line":232,"column":8}},{"start":{"line":232,"column":8},"end":{"line":232,"column":8}}]},"7":{"line":233,"type":"if","locations":[{"start":{"line":233,"column":8},"end":{"line":233,"column":8}},{"start":{"line":233,"column":8},"end":{"line":233,"column":8}}]},"8":{"line":243,"type":"if","locations":[{"start":{"line":243,"column":8},"end":{"line":243,"column":8}},{"start":{"line":243,"column":8},"end":{"line":243,"column":8}}]},"9":{"line":261,"type":"if","locations":[{"start":{"line":261,"column":8},"end":{"line":261,"column":8}},{"start":{"line":261,"column":8},"end":{"line":261,"column":8}}]},"10":{"line":271,"type":"if","locations":[{"start":{"line":271,"column":12},"end":{"line":271,"column":12}},{"start":{"line":271,"column":12},"end":{"line":271,"column":12}}]}}},"contracts/lib/Trading.sol":{"l":{"42":67,"43":67,"51":67,"58":67,"59":67,"60":132,"65":126,"66":125,"71":124,"72":124,"77":123,"84":58,"85":58,"86":58,"88":58,"89":62,"90":2,"92":62,"94":58,"98":57,"99":57,"100":57,"104":57,"105":57,"106":57,"107":57,"108":57,"109":57,"110":61,"113":59,"114":2,"115":2,"119":59,"122":59,"124":59,"127":59,"130":59,"138":59,"139":59,"140":59,"141":59,"142":59,"143":59,"148":55,"149":55,"151":55,"152":55,"153":55,"154":55,"155":1,"160":54,"161":54,"176":61,"187":61,"189":61,"191":61,"193":52,"194":52,"197":9,"198":9,"207":123,"208":104,"209":104,"232":133,"233":133,"250":1,"261":132,"265":132,"266":2,"273":130,"278":131,"282":129,"290":59,"291":59,"292":59,"295":59,"303":55,"304":55,"305":55,"308":55,"312":131,"313":131,"314":131,"317":131},"path":"/Users/leimingda/Documents/jojo/contracts/lib/Trading.sol","s":{"1":67,"2":67,"3":67,"4":67,"5":67,"6":132,"7":126,"8":125,"9":124,"10":124,"11":123,"12":58,"13":58,"14":58,"15":62,"16":2,"17":62,"18":58,"19":57,"20":57,"21":57,"22":57,"23":57,"24":57,"25":57,"26":57,"27":61,"28":59,"29":2,"30":2,"31":59,"32":59,"33":59,"34":59,"35":59,"36":59,"37":59,"38":59,"39":59,"40":59,"41":59,"42":55,"43":55,"44":55,"45":55,"46":55,"47":1,"48":54,"49":54,"50":61,"51":61,"52":61,"53":61,"54":52,"55":52,"56":9,"57":9,"58":123,"59":104,"60":104,"61":133,"62":1,"63":132,"64":132,"65":2,"66":130,"67":131,"68":129,"69":59,"70":59,"71":59,"72":55,"73":55,"74":55,"75":131,"76":131,"77":131},"b":{"1":[67,0],"2":[125,1],"3":[124,1],"4":[123,1],"5":[2,60],"6":[57,1],"7":[57,0],"8":[2,57],"9":[1,54],"10":[0,1],"11":[61,0],"12":[52,9],"13":[52,0],"14":[51,1],"15":[9,0],"16":[8,1],"17":[104,19],"18":[2,130],"19":[2,0],"20":[129,1],"21":[129,2],"22":[126,3]},"f":{"1":67,"2":61,"3":123,"4":133,"5":1,"6":132,"7":59,"8":55,"9":131},"fnMap":{"1":{"name":"_approveTrade","line":37,"loc":{"start":{"line":37,"column":4},"end":{"line":170,"column":4}}},"2":{"name":"_priceMatchCheck","line":172,"loc":{"start":{"line":172,"column":4},"end":{"line":200,"column":4}}},"3":{"name":"_addPosition","line":202,"loc":{"start":{"line":202,"column":4},"end":{"line":211,"column":4}}},"4":{"name":"_structHash","line":213,"loc":{"start":{"line":213,"column":4},"end":{"line":243,"column":4}}},"5":{"name":"_getOrderHash","line":245,"loc":{"start":{"line":245,"column":4},"end":{"line":254,"column":4}}},"6":{"name":"_validateOrder","line":256,"loc":{"start":{"line":256,"column":4},"end":{"line":287,"column":4}}},"7":{"name":"_info2MakerFeeRate","line":289,"loc":{"start":{"line":289,"column":4},"end":{"line":296,"column":4}}},"8":{"name":"_info2TakerFeeRate","line":298,"loc":{"start":{"line":298,"column":4},"end":{"line":309,"column":4}}},"9":{"name":"_info2Expiration","line":311,"loc":{"start":{"line":311,"column":4},"end":{"line":318,"column":4}}}},"statementMap":{"1":{"start":{"line":42,"column":8},"end":{"line":42,"column":31}},"2":{"start":{"line":43,"column":8},"end":{"line":43,"column":1266}},"3":{"start":{"line":51,"column":8},"end":{"line":51,"column":1646}},"4":{"start":{"line":58,"column":8},"end":{"line":58,"column":72}},"5":{"start":{"line":59,"column":8},"end":{"line":59,"column":1900}},"6":{"start":{"line":60,"column":12},"end":{"line":60,"column":1965}},"7":{"start":{"line":65,"column":12},"end":{"line":65,"column":74}},"8":{"start":{"line":66,"column":12},"end":{"line":66,"column":2206}},"9":{"start":{"line":71,"column":12},"end":{"line":71,"column":80}},"10":{"start":{"line":72,"column":12},"end":{"line":72,"column":2488}},"11":{"start":{"line":77,"column":12},"end":{"line":77,"column":64}},"12":{"start":{"line":85,"column":12},"end":{"line":85,"column":39}},"13":{"start":{"line":86,"column":12},"end":{"line":86,"column":41}},"14":{"start":{"line":88,"column":12},"end":{"line":88,"column":3022}},"15":{"start":{"line":89,"column":16},"end":{"line":89,"column":3091}},"16":{"start":{"line":90,"column":20},"end":{"line":90,"column":39}},"17":{"start":{"line":92,"column":16},"end":{"line":92,"column":59}},"18":{"start":{"line":94,"column":12},"end":{"line":94,"column":3299}},"19":{"start":{"line":98,"column":12},"end":{"line":98,"column":70}},"20":{"start":{"line":99,"column":12},"end":{"line":99,"column":61}},"21":{"start":{"line":100,"column":12},"end":{"line":100,"column":53}},"22":{"start":{"line":104,"column":8},"end":{"line":104,"column":70}},"23":{"start":{"line":105,"column":8},"end":{"line":105,"column":71}},"24":{"start":{"line":107,"column":12},"end":{"line":107,"column":42}},"25":{"start":{"line":108,"column":12},"end":{"line":108,"column":53}},"26":{"start":{"line":109,"column":12},"end":{"line":109,"column":3959}},"27":{"start":{"line":110,"column":16},"end":{"line":110,"column":59}},"28":{"start":{"line":113,"column":16},"end":{"line":113,"column":4128}},"29":{"start":{"line":114,"column":20},"end":{"line":114,"column":42}},"30":{"start":{"line":115,"column":20},"end":{"line":115,"column":78}},"31":{"start":{"line":119,"column":16},"end":{"line":119,"column":4426}},"32":{"start":{"line":122,"column":16},"end":{"line":122,"column":4617}},"33":{"start":{"line":124,"column":16},"end":{"line":124,"column":4689}},"34":{"start":{"line":127,"column":16},"end":{"line":127,"column":4847}},"35":{"start":{"line":130,"column":16},"end":{"line":130,"column":4967}},"36":{"start":{"line":138,"column":16},"end":{"line":138,"column":72}},"37":{"start":{"line":139,"column":16},"end":{"line":139,"column":74}},"38":{"start":{"line":140,"column":16},"end":{"line":140,"column":65}},"39":{"start":{"line":141,"column":16},"end":{"line":141,"column":55}},"40":{"start":{"line":142,"column":16},"end":{"line":142,"column":57}},"41":{"start":{"line":143,"column":16},"end":{"line":143,"column":43}},"42":{"start":{"line":149,"column":12},"end":{"line":149,"column":5730}},"43":{"start":{"line":151,"column":12},"end":{"line":151,"column":49}},"44":{"start":{"line":152,"column":12},"end":{"line":152,"column":44}},"45":{"start":{"line":153,"column":12},"end":{"line":153,"column":68}},"46":{"start":{"line":154,"column":12},"end":{"line":154,"column":5985}},"47":{"start":{"line":155,"column":16},"end":{"line":155,"column":6038}},"48":{"start":{"line":160,"column":12},"end":{"line":160,"column":72}},"49":{"start":{"line":161,"column":12},"end":{"line":161,"column":6273}},"50":{"start":{"line":176,"column":8},"end":{"line":176,"column":72}},"51":{"start":{"line":187,"column":8},"end":{"line":187,"column":7273}},"52":{"start":{"line":189,"column":8},"end":{"line":189,"column":7374}},"53":{"start":{"line":191,"column":8},"end":{"line":191,"column":7441}},"54":{"start":{"line":193,"column":12},"end":{"line":193,"column":76}},"55":{"start":{"line":194,"column":12},"end":{"line":194,"column":64}},"56":{"start":{"line":197,"column":12},"end":{"line":197,"column":76}},"57":{"start":{"line":198,"column":12},"end":{"line":198,"column":64}},"58":{"start":{"line":207,"column":8},"end":{"line":207,"column":8039}},"59":{"start":{"line":208,"column":12},"end":{"line":208,"column":49}},"60":{"start":{"line":209,"column":12},"end":{"line":209,"column":49}},"61":{"start":{"line":232,"column":8},"end":{"line":232,"column":52}},"62":{"start":{"line":250,"column":8},"end":{"line":250,"column":9230}},"63":{"start":{"line":261,"column":8},"end":{"line":261,"column":9523}},"64":{"start":{"line":265,"column":8},"end":{"line":265,"column":9639}},"65":{"start":{"line":266,"column":12},"end":{"line":266,"column":9695}},"66":{"start":{"line":273,"column":12},"end":{"line":273,"column":9940}},"67":{"start":{"line":278,"column":8},"end":{"line":278,"column":10094}},"68":{"start":{"line":282,"column":8},"end":{"line":282,"column":10216}},"69":{"start":{"line":290,"column":8},"end":{"line":290,"column":42}},"70":{"start":{"line":291,"column":8},"end":{"line":291,"column":22}},"71":{"start":{"line":295,"column":8},"end":{"line":295,"column":31}},"72":{"start":{"line":303,"column":8},"end":{"line":303,"column":42}},"73":{"start":{"line":304,"column":8},"end":{"line":304,"column":22}},"74":{"start":{"line":308,"column":8},"end":{"line":308,"column":31}},"75":{"start":{"line":312,"column":8},"end":{"line":312,"column":41}},"76":{"start":{"line":313,"column":8},"end":{"line":313,"column":25}},"77":{"start":{"line":317,"column":8},"end":{"line":317,"column":34}}},"branchMap":{"1":{"line":43,"type":"if","locations":[{"start":{"line":43,"column":8},"end":{"line":43,"column":8}},{"start":{"line":43,"column":8},"end":{"line":43,"column":8}}]},"2":{"line":65,"type":"if","locations":[{"start":{"line":65,"column":12},"end":{"line":65,"column":12}},{"start":{"line":65,"column":12},"end":{"line":65,"column":12}}]},"3":{"line":66,"type":"if","locations":[{"start":{"line":66,"column":12},"end":{"line":66,"column":12}},{"start":{"line":66,"column":12},"end":{"line":66,"column":12}}]},"4":{"line":72,"type":"if","locations":[{"start":{"line":72,"column":12},"end":{"line":72,"column":12}},{"start":{"line":72,"column":12},"end":{"line":72,"column":12}}]},"5":{"line":89,"type":"if","locations":[{"start":{"line":89,"column":16},"end":{"line":89,"column":16}},{"start":{"line":89,"column":16},"end":{"line":89,"column":16}}]},"6":{"line":94,"type":"if","locations":[{"start":{"line":94,"column":12},"end":{"line":94,"column":12}},{"start":{"line":94,"column":12},"end":{"line":94,"column":12}}]},"7":{"line":98,"type":"if","locations":[{"start":{"line":98,"column":12},"end":{"line":98,"column":12}},{"start":{"line":98,"column":12},"end":{"line":98,"column":12}}]},"8":{"line":113,"type":"if","locations":[{"start":{"line":113,"column":16},"end":{"line":113,"column":16}},{"start":{"line":113,"column":16},"end":{"line":113,"column":16}}]},"9":{"line":154,"type":"if","locations":[{"start":{"line":154,"column":12},"end":{"line":154,"column":12}},{"start":{"line":154,"column":12},"end":{"line":154,"column":12}}]},"10":{"line":155,"type":"if","locations":[{"start":{"line":155,"column":16},"end":{"line":155,"column":16}},{"start":{"line":155,"column":16},"end":{"line":155,"column":16}}]},"11":{"line":176,"type":"if","locations":[{"start":{"line":176,"column":8},"end":{"line":176,"column":8}},{"start":{"line":176,"column":8},"end":{"line":176,"column":8}}]},"12":{"line":191,"type":"if","locations":[{"start":{"line":191,"column":8},"end":{"line":191,"column":8}},{"start":{"line":191,"column":8},"end":{"line":191,"column":8}}]},"13":{"line":193,"type":"if","locations":[{"start":{"line":193,"column":12},"end":{"line":193,"column":12}},{"start":{"line":193,"column":12},"end":{"line":193,"column":12}}]},"14":{"line":194,"type":"if","locations":[{"start":{"line":194,"column":12},"end":{"line":194,"column":12}},{"start":{"line":194,"column":12},"end":{"line":194,"column":12}}]},"15":{"line":197,"type":"if","locations":[{"start":{"line":197,"column":12},"end":{"line":197,"column":12}},{"start":{"line":197,"column":12},"end":{"line":197,"column":12}}]},"16":{"line":198,"type":"if","locations":[{"start":{"line":198,"column":12},"end":{"line":198,"column":12}},{"start":{"line":198,"column":12},"end":{"line":198,"column":12}}]},"17":{"line":207,"type":"if","locations":[{"start":{"line":207,"column":8},"end":{"line":207,"column":8}},{"start":{"line":207,"column":8},"end":{"line":207,"column":8}}]},"18":{"line":265,"type":"if","locations":[{"start":{"line":265,"column":8},"end":{"line":265,"column":8}},{"start":{"line":265,"column":8},"end":{"line":265,"column":8}}]},"19":{"line":266,"type":"if","locations":[{"start":{"line":266,"column":12},"end":{"line":266,"column":12}},{"start":{"line":266,"column":12},"end":{"line":266,"column":12}}]},"20":{"line":273,"type":"if","locations":[{"start":{"line":273,"column":12},"end":{"line":273,"column":12}},{"start":{"line":273,"column":12},"end":{"line":273,"column":12}}]},"21":{"line":278,"type":"if","locations":[{"start":{"line":278,"column":8},"end":{"line":278,"column":8}},{"start":{"line":278,"column":8},"end":{"line":278,"column":8}}]},"22":{"line":282,"type":"if","locations":[{"start":{"line":282,"column":8},"end":{"line":282,"column":8}},{"start":{"line":282,"column":8},"end":{"line":282,"column":8}}]}}},"contracts/lib/Types.sol":{"l":{},"path":"/Users/leimingda/Documents/jojo/contracts/lib/Types.sol","s":{},"b":{},"f":{},"fnMap":{},"statementMap":{},"branchMap":{}},"contracts/subaccount/Subaccount.sol":{"l":{"33":6,"34":5,"40":10,"41":9,"42":9,"46":6,"50":3,"64":1,"71":1},"path":"/Users/leimingda/Documents/jojo/contracts/subaccount/Subaccount.sol","s":{"1":6,"2":10,"3":9,"4":9,"5":6,"6":3,"7":1,"8":1},"b":{"1":[5,1],"2":[9,1]},"f":{"1":6,"2":10,"3":6,"4":3,"5":1,"6":1},"fnMap":{"1":{"name":"onlyOwner","line":32,"loc":{"start":{"line":32,"column":4},"end":{"line":35,"column":4}}},"2":{"name":"init","line":39,"loc":{"start":{"line":39,"column":4},"end":{"line":43,"column":4}}},"3":{"name":"isValidPerpetualOperator","line":45,"loc":{"start":{"line":45,"column":4},"end":{"line":47,"column":4}}},"4":{"name":"setOperator","line":49,"loc":{"start":{"line":49,"column":4},"end":{"line":51,"column":4}}},"5":{"name":"requestWithdraw","line":63,"loc":{"start":{"line":63,"column":4},"end":{"line":65,"column":4}}},"6":{"name":"executeWithdraw","line":70,"loc":{"start":{"line":70,"column":4},"end":{"line":72,"column":4}}}},"statementMap":{"1":{"start":{"line":33,"column":8},"end":{"line":33,"column":71}},"2":{"start":{"line":40,"column":8},"end":{"line":40,"column":51}},"3":{"start":{"line":41,"column":8},"end":{"line":41,"column":25}},"4":{"start":{"line":42,"column":8},"end":{"line":42,"column":21}},"5":{"start":{"line":46,"column":8},"end":{"line":46,"column":45}},"6":{"start":{"line":50,"column":8},"end":{"line":50,"column":33}},"7":{"start":{"line":64,"column":8},"end":{"line":64,"column":70}},"8":{"start":{"line":71,"column":8},"end":{"line":71,"column":45}}},"branchMap":{"1":{"line":33,"type":"if","locations":[{"start":{"line":33,"column":8},"end":{"line":33,"column":8}},{"start":{"line":33,"column":8},"end":{"line":33,"column":8}}]},"2":{"line":40,"type":"if","locations":[{"start":{"line":40,"column":8},"end":{"line":40,"column":8}},{"start":{"line":40,"column":8},"end":{"line":40,"column":8}}]}}},"contracts/subaccount/SubaccountFactory.sol":{"l":{"28":3,"29":3,"38":6,"39":6,"40":6,"41":6,"52":4},"path":"/Users/leimingda/Documents/jojo/contracts/subaccount/SubaccountFactory.sol","s":{"1":3,"2":3,"3":6,"4":6,"5":6,"6":6,"7":4},"b":{},"f":{"1":3,"2":6,"3":4},"fnMap":{"1":{"name":"constructor","line":27,"loc":{"start":{"line":27,"column":4},"end":{"line":30,"column":4}}},"2":{"name":"newSubaccount","line":37,"loc":{"start":{"line":37,"column":4},"end":{"line":45,"column":4}}},"3":{"name":"getSubaccounts","line":47,"loc":{"start":{"line":47,"column":4},"end":{"line":53,"column":4}}}},"statementMap":{"1":{"start":{"line":28,"column":8},"end":{"line":28,"column":43}},"2":{"start":{"line":29,"column":8},"end":{"line":29,"column":47}},"3":{"start":{"line":38,"column":8},"end":{"line":38,"column":42}},"4":{"start":{"line":39,"column":8},"end":{"line":39,"column":46}},"5":{"start":{"line":40,"column":8},"end":{"line":40,"column":54}},"6":{"start":{"line":41,"column":8},"end":{"line":41,"column":1177}},"7":{"start":{"line":52,"column":8},"end":{"line":52,"column":41}}},"branchMap":{}},"contracts/testSupport/TestERC20.sol":{"l":{"19":247,"20":247},"path":"/Users/leimingda/Documents/jojo/contracts/testSupport/TestERC20.sol","s":{"1":247,"2":247},"b":{},"f":{"1":246,"2":247},"fnMap":{"1":{"name":"constructor","line":15,"loc":{"start":{"line":14,"column":4},"end":{"line":16,"column":5}}},"2":{"name":"mint","line":18,"loc":{"start":{"line":18,"column":4},"end":{"line":22,"column":4}}}},"statementMap":{"1":{"start":{"line":19,"column":8},"end":{"line":19,"column":473}},"2":{"start":{"line":20,"column":12},"end":{"line":20,"column":34}}},"branchMap":{}},"contracts/testSupport/TestMarkPriceSource.sol":{"l":{"20":251,"24":147,"25":147,"26":147,"27":147},"path":"/Users/leimingda/Documents/jojo/contracts/testSupport/TestMarkPriceSource.sol","s":{"1":251,"2":147,"3":147,"4":147},"b":{},"f":{"1":251,"2":147},"fnMap":{"1":{"name":"getMarkPrice","line":19,"loc":{"start":{"line":19,"column":4},"end":{"line":21,"column":4}}},"2":{"name":"setMarkPrice","line":23,"loc":{"start":{"line":23,"column":4},"end":{"line":28,"column":4}}}},"statementMap":{"1":{"start":{"line":20,"column":8},"end":{"line":20,"column":20}},"2":{"start":{"line":24,"column":8},"end":{"line":24,"column":23}},"3":{"start":{"line":26,"column":8},"end":{"line":26,"column":34}},"4":{"start":{"line":27,"column":8},"end":{"line":27,"column":61}}},"branchMap":{}},"contracts/utils/Errors.sol":{"l":{},"path":"/Users/leimingda/Documents/jojo/contracts/utils/Errors.sol","s":{},"b":{},"f":{},"fnMap":{},"statementMap":{},"branchMap":{}},"contracts/utils/SignedDecimalMath.sol":{"l":{"16":952,"24":5,"28":515},"path":"/Users/leimingda/Documents/jojo/contracts/utils/SignedDecimalMath.sol","s":{"1":952,"2":5,"3":515},"b":{},"f":{"1":952,"2":5,"3":515},"fnMap":{"1":{"name":"decimalMul","line":11,"loc":{"start":{"line":11,"column":4},"end":{"line":17,"column":4}}},"2":{"name":"decimalDiv","line":19,"loc":{"start":{"line":19,"column":4},"end":{"line":25,"column":4}}},"3":{"name":"abs","line":27,"loc":{"start":{"line":27,"column":4},"end":{"line":29,"column":4}}}},"statementMap":{"1":{"start":{"line":16,"column":8},"end":{"line":16,"column":28}},"2":{"start":{"line":24,"column":8},"end":{"line":24,"column":28}},"3":{"start":{"line":28,"column":8},"end":{"line":28,"column":51}}},"branchMap":{}}}