{"contracts/impl/JOJODealer.sol":{"l":{"20":132,"21":132,"29":1},"path":"/Users/leimingda/Documents/jojo/contracts/impl/JOJODealer.sol","s":{"1":132,"2":132,"3":1},"b":{},"f":{"1":132,"2":1},"fnMap":{"1":{"name":"constructor","line":19,"loc":{"start":{"line":19,"column":4},"end":{"line":26,"column":4}}},"2":{"name":"version","line":28,"loc":{"start":{"line":28,"column":4},"end":{"line":30,"column":4}}}},"statementMap":{"1":{"start":{"line":20,"column":8},"end":{"line":20,"column":41}},"2":{"start":{"line":21,"column":8},"end":{"line":21,"column":604}},"3":{"start":{"line":29,"column":8},"end":{"line":29,"column":32}}},"branchMap":{}},"contracts/impl/JOJOExternal.sol":{"l":{"36":110,"44":7,"52":8,"57":39,"62":358,"76":67,"82":51,"103":14,"104":14,"105":14,"112":10,"113":10,"116":10,"119":10,"120":10,"123":10,"124":10,"125":10,"132":10,"140":10,"149":10,"154":12,"155":12},"path":"/Users/leimingda/Documents/jojo/contracts/impl/JOJOExternal.sol","s":{"1":110,"2":7,"3":8,"4":39,"5":358,"6":67,"7":51,"8":14,"9":14,"10":14,"11":10,"12":10,"13":10,"14":10,"15":10,"16":10,"17":10,"18":10,"19":10,"20":10,"21":10,"22":12,"23":12},"b":{"1":[10,0]},"f":{"1":110,"2":7,"3":8,"4":39,"5":358,"6":67,"7":14,"8":10,"9":12},"fnMap":{"1":{"name":"deposit","line":35,"loc":{"start":{"line":31,"column":4},"end":{"line":37,"column":4}}},"2":{"name":"requestWithdraw","line":42,"loc":{"start":{"line":40,"column":4},"end":{"line":45,"column":4}}},"3":{"name":"executeWithdraw","line":50,"loc":{"start":{"line":48,"column":4},"end":{"line":53,"column":4}}},"4":{"name":"isSafe","line":56,"loc":{"start":{"line":56,"column":4},"end":{"line":58,"column":4}}},"5":{"name":"getFundingRate","line":61,"loc":{"start":{"line":61,"column":4},"end":{"line":63,"column":4}}},"6":{"name":"approveTrade","line":68,"loc":{"start":{"line":68,"column":4},"end":{"line":87,"column":4}}},"7":{"name":"requestLiquidate","line":90,"loc":{"start":{"line":90,"column":4},"end":{"line":145,"column":4}}},"8":{"name":"positionClear","line":148,"loc":{"start":{"line":148,"column":4},"end":{"line":150,"column":4}}},"9":{"name":"setOperator","line":153,"loc":{"start":{"line":153,"column":4},"end":{"line":156,"column":4}}}},"statementMap":{"1":{"start":{"line":36,"column":8},"end":{"line":36,"column":65}},"2":{"start":{"line":44,"column":8},"end":{"line":44,"column":69}},"3":{"start":{"line":52,"column":8},"end":{"line":52,"column":53}},"4":{"start":{"line":57,"column":8},"end":{"line":57,"column":49}},"5":{"start":{"line":62,"column":8},"end":{"line":62,"column":53}},"6":{"start":{"line":76,"column":8},"end":{"line":76,"column":2020}},"7":{"start":{"line":82,"column":8},"end":{"line":82,"column":2163}},"8":{"start":{"line":103,"column":8},"end":{"line":103,"column":33}},"9":{"start":{"line":104,"column":8},"end":{"line":104,"column":28}},"10":{"start":{"line":105,"column":8},"end":{"line":105,"column":2732}},"11":{"start":{"line":112,"column":8},"end":{"line":112,"column":2972}},"12":{"start":{"line":113,"column":12},"end":{"line":113,"column":56}},"13":{"start":{"line":116,"column":8},"end":{"line":116,"column":67}},"14":{"start":{"line":119,"column":8},"end":{"line":119,"column":73}},"15":{"start":{"line":120,"column":8},"end":{"line":120,"column":48}},"16":{"start":{"line":123,"column":8},"end":{"line":123,"column":70}},"17":{"start":{"line":124,"column":8},"end":{"line":124,"column":72}},"18":{"start":{"line":125,"column":8},"end":{"line":125,"column":3488}},"19":{"start":{"line":132,"column":8},"end":{"line":132,"column":3669}},"20":{"start":{"line":140,"column":8},"end":{"line":140,"column":3882}},"21":{"start":{"line":149,"column":8},"end":{"line":149,"column":44}},"22":{"start":{"line":154,"column":8},"end":{"line":154,"column":61}},"23":{"start":{"line":155,"column":8},"end":{"line":155,"column":55}}},"branchMap":{"1":{"line":112,"type":"if","locations":[{"start":{"line":112,"column":8},"end":{"line":112,"column":8}},{"start":{"line":112,"column":8},"end":{"line":112,"column":8}}]}}},"contracts/impl/JOJOOperation.sol":{"l":{"28":3,"29":3,"41":16,"51":133,"55":44,"59":44,"66":1,"73":46,"78":44},"path":"/Users/leimingda/Documents/jojo/contracts/impl/JOJOOperation.sol","s":{"1":3,"2":3,"3":16,"4":133,"5":44,"6":44,"7":1,"8":46,"9":44},"b":{},"f":{"1":3,"2":16,"3":133,"4":44,"5":44,"6":1,"7":46,"8":44},"fnMap":{"1":{"name":"handleBadDebt","line":26,"loc":{"start":{"line":24,"column":4},"end":{"line":31,"column":4}}},"2":{"name":"updateFundingRate","line":37,"loc":{"start":{"line":37,"column":4},"end":{"line":42,"column":4}}},"3":{"name":"setPerpRiskParams","line":49,"loc":{"start":{"line":47,"column":4},"end":{"line":52,"column":4}}},"4":{"name":"setFundingRateKeeper","line":54,"loc":{"start":{"line":54,"column":4},"end":{"line":56,"column":4}}},"5":{"name":"setInsurance","line":58,"loc":{"start":{"line":58,"column":4},"end":{"line":60,"column":4}}},"6":{"name":"setWithdrawTimeLock","line":64,"loc":{"start":{"line":62,"column":4},"end":{"line":67,"column":4}}},"7":{"name":"setOrderSender","line":71,"loc":{"start":{"line":69,"column":4},"end":{"line":74,"column":4}}},"8":{"name":"setSecondaryAsset","line":77,"loc":{"start":{"line":77,"column":4},"end":{"line":79,"column":4}}}},"statementMap":{"1":{"start":{"line":28,"column":8},"end":{"line":28,"column":781}},"2":{"start":{"line":29,"column":12},"end":{"line":29,"column":68}},"3":{"start":{"line":41,"column":8},"end":{"line":41,"column":61}},"4":{"start":{"line":51,"column":8},"end":{"line":51,"column":54}},"5":{"start":{"line":55,"column":8},"end":{"line":55,"column":55}},"6":{"start":{"line":59,"column":8},"end":{"line":59,"column":50}},"7":{"start":{"line":66,"column":8},"end":{"line":66,"column":64}},"8":{"start":{"line":73,"column":8},"end":{"line":73,"column":61}},"9":{"start":{"line":78,"column":8},"end":{"line":78,"column":58}}},"branchMap":{}},"contracts/impl/JOJOStorage.sol":{"l":{},"path":"/Users/leimingda/Documents/jojo/contracts/impl/JOJOStorage.sol","s":{},"b":{},"f":{},"fnMap":{},"statementMap":{},"branchMap":{}},"contracts/impl/JOJOView.sol":{"l":{"24":1,"29":3,"35":1,"44":2,"61":35,"62":35,"63":35,"64":35,"65":35,"73":3,"81":2,"94":4,"95":4,"99":4,"116":9,"130":5,"148":1},"path":"/Users/leimingda/Documents/jojo/contracts/impl/JOJOView.sol","s":{"1":1,"2":3,"3":1,"4":2,"5":35,"6":35,"7":35,"8":35,"9":35,"10":3,"11":2,"12":4,"13":4,"14":4,"15":9,"16":5,"17":1},"b":{},"f":{"1":1,"2":3,"3":1,"4":2,"5":35,"6":3,"7":2,"8":4,"9":9,"10":5,"11":1},"fnMap":{"1":{"name":"getRiskParams","line":19,"loc":{"start":{"line":19,"column":4},"end":{"line":25,"column":4}}},"2":{"name":"getAllRegisteredPerps","line":28,"loc":{"start":{"line":28,"column":4},"end":{"line":30,"column":4}}},"3":{"name":"getMarkPrice","line":34,"loc":{"start":{"line":34,"column":4},"end":{"line":36,"column":4}}},"4":{"name":"getPositions","line":39,"loc":{"start":{"line":39,"column":4},"end":{"line":45,"column":4}}},"5":{"name":"getCreditOf","line":50,"loc":{"start":{"line":50,"column":4},"end":{"line":66,"column":4}}},"6":{"name":"isOrderSenderValid","line":68,"loc":{"start":{"line":68,"column":4},"end":{"line":74,"column":4}}},"7":{"name":"isOperatorValid","line":76,"loc":{"start":{"line":76,"column":4},"end":{"line":82,"column":4}}},"8":{"name":"getTraderRisk","line":89,"loc":{"start":{"line":89,"column":4},"end":{"line":103,"column":4}}},"9":{"name":"getLiquidationPrice","line":111,"loc":{"start":{"line":111,"column":4},"end":{"line":117,"column":4}}},"10":{"name":"getLiquidationCost","line":121,"loc":{"start":{"line":121,"column":4},"end":{"line":137,"column":4}}},"11":{"name":"getOrderFilledAmount","line":143,"loc":{"start":{"line":143,"column":4},"end":{"line":149,"column":4}}}},"statementMap":{"1":{"start":{"line":24,"column":8},"end":{"line":24,"column":42}},"2":{"start":{"line":29,"column":8},"end":{"line":29,"column":35}},"3":{"start":{"line":35,"column":8},"end":{"line":35,"column":52}},"4":{"start":{"line":44,"column":8},"end":{"line":44,"column":42}},"5":{"start":{"line":61,"column":8},"end":{"line":61,"column":50}},"6":{"start":{"line":62,"column":8},"end":{"line":62,"column":54}},"7":{"start":{"line":63,"column":8},"end":{"line":63,"column":68}},"8":{"start":{"line":64,"column":8},"end":{"line":64,"column":72}},"9":{"start":{"line":65,"column":8},"end":{"line":65,"column":68}},"10":{"start":{"line":73,"column":8},"end":{"line":73,"column":50}},"11":{"start":{"line":81,"column":8},"end":{"line":81,"column":55}},"12":{"start":{"line":94,"column":8},"end":{"line":94,"column":31}},"13":{"start":{"line":95,"column":8},"end":{"line":95,"column":2905}},"14":{"start":{"line":99,"column":8},"end":{"line":99,"column":3065}},"15":{"start":{"line":116,"column":8},"end":{"line":116,"column":67}},"16":{"start":{"line":130,"column":8},"end":{"line":130,"column":4057}},"17":{"start":{"line":148,"column":8},"end":{"line":148,"column":61}}},"branchMap":{}},"contracts/impl/Perpetual.sol":{"l":{"50":396,"77":293,"78":293,"87":67,"93":51,"95":51,"96":103,"97":103,"98":103,"114":14,"115":14,"116":14,"129":10,"133":3,"142":7,"149":9,"150":9,"151":9,"152":9,"159":10,"160":10,"182":121,"185":121,"186":121,"189":121,"190":121,"191":121,"192":121,"194":10},"path":"/Users/leimingda/Documents/jojo/contracts/impl/Perpetual.sol","s":{"1":396,"2":293,"3":293,"4":67,"5":51,"6":51,"7":103,"8":103,"9":14,"10":14,"11":14,"12":10,"13":3,"14":7,"15":9,"16":9,"17":9,"18":9,"19":10,"20":10,"21":121,"22":121,"23":121,"24":121,"25":121,"26":121,"27":121,"28":10},"b":{"1":[3,7],"2":[2,1],"3":[7,0],"4":[8,1],"5":[10,111]},"f":{"1":396,"2":293,"3":67,"4":14,"5":10,"6":121},"fnMap":{"1":{"name":"constructor","line":49,"loc":{"start":{"line":49,"column":4},"end":{"line":51,"column":4}}},"2":{"name":"balanceOf","line":72,"loc":{"start":{"line":72,"column":4},"end":{"line":81,"column":4}}},"3":{"name":"trade","line":86,"loc":{"start":{"line":86,"column":4},"end":{"line":102,"column":4}}},"4":{"name":"liquidate","line":107,"loc":{"start":{"line":107,"column":4},"end":{"line":153,"column":4}}},"5":{"name":"changeCredit","line":158,"loc":{"start":{"line":158,"column":4},"end":{"line":161,"column":4}}},"6":{"name":"_settle","line":176,"loc":{"start":{"line":176,"column":4},"end":{"line":196,"column":4}}}},"statementMap":{"1":{"start":{"line":50,"column":8},"end":{"line":50,"column":32}},"2":{"start":{"line":77,"column":8},"end":{"line":77,"column":47}},"3":{"start":{"line":78,"column":8},"end":{"line":78,"column":2414}},"4":{"start":{"line":87,"column":8},"end":{"line":87,"column":2707}},"5":{"start":{"line":93,"column":8},"end":{"line":93,"column":68}},"6":{"start":{"line":95,"column":8},"end":{"line":95,"column":2930}},"7":{"start":{"line":96,"column":12},"end":{"line":96,"column":42}},"8":{"start":{"line":97,"column":12},"end":{"line":97,"column":73}},"9":{"start":{"line":114,"column":8},"end":{"line":114,"column":31}},"10":{"start":{"line":115,"column":8},"end":{"line":115,"column":32}},"11":{"start":{"line":116,"column":8},"end":{"line":116,"column":3660}},"12":{"start":{"line":129,"column":8},"end":{"line":129,"column":4059}},"13":{"start":{"line":133,"column":12},"end":{"line":133,"column":4335}},"14":{"start":{"line":142,"column":12},"end":{"line":142,"column":4772}},"15":{"start":{"line":149,"column":8},"end":{"line":149,"column":68}},"16":{"start":{"line":150,"column":8},"end":{"line":150,"column":75}},"17":{"start":{"line":151,"column":8},"end":{"line":151,"column":71}},"18":{"start":{"line":152,"column":8},"end":{"line":152,"column":74}},"19":{"start":{"line":159,"column":8},"end":{"line":159,"column":57}},"20":{"start":{"line":160,"column":8},"end":{"line":160,"column":45}},"21":{"start":{"line":182,"column":8},"end":{"line":182,"column":6055}},"22":{"start":{"line":185,"column":8},"end":{"line":185,"column":72}},"23":{"start":{"line":186,"column":8},"end":{"line":186,"column":6271}},"24":{"start":{"line":189,"column":8},"end":{"line":189,"column":42}},"25":{"start":{"line":190,"column":8},"end":{"line":190,"column":58}},"26":{"start":{"line":191,"column":8},"end":{"line":191,"column":61}},"27":{"start":{"line":192,"column":8},"end":{"line":192,"column":6547}},"28":{"start":{"line":194,"column":12},"end":{"line":194,"column":49}}},"branchMap":{"1":{"line":129,"type":"if","locations":[{"start":{"line":129,"column":8},"end":{"line":129,"column":8}},{"start":{"line":129,"column":8},"end":{"line":129,"column":8}}]},"2":{"line":133,"type":"if","locations":[{"start":{"line":133,"column":12},"end":{"line":133,"column":12}},{"start":{"line":133,"column":12},"end":{"line":133,"column":12}}]},"3":{"line":142,"type":"if","locations":[{"start":{"line":142,"column":12},"end":{"line":142,"column":12}},{"start":{"line":142,"column":12},"end":{"line":142,"column":12}}]},"4":{"line":152,"type":"if","locations":[{"start":{"line":152,"column":8},"end":{"line":152,"column":8}},{"start":{"line":152,"column":8},"end":{"line":152,"column":8}}]},"5":{"line":192,"type":"if","locations":[{"start":{"line":192,"column":8},"end":{"line":192,"column":8}},{"start":{"line":192,"column":8},"end":{"line":192,"column":8}}]}}},"contracts/intf/IDealer.sol":{"l":{},"path":"/Users/leimingda/Documents/jojo/contracts/intf/IDealer.sol","s":{},"b":{},"f":{},"fnMap":{},"statementMap":{},"branchMap":{}},"contracts/intf/IMarkPriceSource.sol":{"l":{},"path":"/Users/leimingda/Documents/jojo/contracts/intf/IMarkPriceSource.sol","s":{},"b":{},"f":{},"fnMap":{},"statementMap":{},"branchMap":{}},"contracts/intf/IPerpetual.sol":{"l":{},"path":"/Users/leimingda/Documents/jojo/contracts/intf/IPerpetual.sol","s":{},"b":{},"f":{},"fnMap":{},"statementMap":{},"branchMap":{}},"contracts/lib/EIP712.sol":{"l":{"18":132,"19":132,"20":132,"23":132,"40":130},"path":"/Users/leimingda/Documents/jojo/contracts/lib/EIP712.sol","s":{"1":132,"2":132,"3":132,"4":132,"5":130},"b":{},"f":{"1":132,"2":130},"fnMap":{"1":{"name":"_buildDomainSeparator","line":13,"loc":{"start":{"line":13,"column":4},"end":{"line":33,"column":4}}},"2":{"name":"_hashTypedDataV4","line":35,"loc":{"start":{"line":35,"column":4},"end":{"line":41,"column":4}}}},"statementMap":{"1":{"start":{"line":18,"column":8},"end":{"line":18,"column":51}},"2":{"start":{"line":19,"column":8},"end":{"line":19,"column":57}},"3":{"start":{"line":20,"column":8},"end":{"line":20,"column":540}},"4":{"start":{"line":23,"column":8},"end":{"line":23,"column":690}},"5":{"start":{"line":40,"column":8},"end":{"line":40,"column":65}}},"branchMap":{}},"contracts/lib/Funding.sol":{"l":{"58":110,"59":38,"64":38,"66":110,"67":104,"72":104,"74":110,"84":7,"85":7,"86":7,"89":7,"102":8,"106":8,"107":8,"108":8,"109":8,"112":8,"130":8,"131":5,"132":5,"133":1,"135":4,"138":8,"139":4,"140":4,"141":1,"143":3,"147":8,"149":5,"155":3,"158":7,"159":1,"161":6},"path":"/Users/leimingda/Documents/jojo/contracts/lib/Funding.sol","s":{"1":110,"2":38,"3":38,"4":110,"5":104,"6":104,"7":110,"8":7,"9":7,"10":7,"11":7,"12":8,"13":8,"14":8,"15":8,"16":8,"17":8,"18":8,"19":5,"20":5,"21":1,"22":4,"23":8,"24":4,"25":4,"26":1,"27":3,"28":8,"29":5,"30":3,"31":7,"32":1,"33":6},"b":{"1":[38,72],"2":[104,6],"3":[8,0],"4":[5,3],"5":[1,4],"6":[4,4],"7":[1,3],"8":[5,3],"9":[4,1],"10":[3,0],"11":[1,6]},"f":{"1":110,"2":7,"3":8,"4":8},"fnMap":{"1":{"name":"deposit","line":52,"loc":{"start":{"line":52,"column":4},"end":{"line":75,"column":4}}},"2":{"name":"requestWithdraw","line":79,"loc":{"start":{"line":79,"column":4},"end":{"line":95,"column":4}}},"3":{"name":"executeWithdraw","line":97,"loc":{"start":{"line":97,"column":4},"end":{"line":120,"column":4}}},"4":{"name":"_withdraw","line":122,"loc":{"start":{"line":122,"column":4},"end":{"line":163,"column":4}}}},"statementMap":{"1":{"start":{"line":58,"column":8},"end":{"line":58,"column":1320}},"2":{"start":{"line":59,"column":12},"end":{"line":59,"column":1361}},"3":{"start":{"line":64,"column":12},"end":{"line":64,"column":59}},"4":{"start":{"line":66,"column":8},"end":{"line":66,"column":1586}},"5":{"start":{"line":67,"column":12},"end":{"line":67,"column":1629}},"6":{"start":{"line":72,"column":12},"end":{"line":72,"column":55}},"7":{"start":{"line":74,"column":8},"end":{"line":74,"column":68}},"8":{"start":{"line":84,"column":8},"end":{"line":84,"column":63}},"9":{"start":{"line":85,"column":8},"end":{"line":85,"column":67}},"10":{"start":{"line":86,"column":8},"end":{"line":86,"column":2276}},"11":{"start":{"line":89,"column":8},"end":{"line":89,"column":2373}},"12":{"start":{"line":102,"column":8},"end":{"line":102,"column":2683}},"13":{"start":{"line":106,"column":8},"end":{"line":106,"column":72}},"14":{"start":{"line":107,"column":8},"end":{"line":107,"column":76}},"15":{"start":{"line":108,"column":8},"end":{"line":108,"column":51}},"16":{"start":{"line":109,"column":8},"end":{"line":109,"column":53}},"17":{"start":{"line":112,"column":8},"end":{"line":112,"column":3199}},"18":{"start":{"line":130,"column":8},"end":{"line":130,"column":3580}},"19":{"start":{"line":131,"column":12},"end":{"line":131,"column":62}},"20":{"start":{"line":132,"column":12},"end":{"line":132,"column":3686}},"21":{"start":{"line":133,"column":16},"end":{"line":133,"column":63}},"22":{"start":{"line":135,"column":16},"end":{"line":135,"column":73}},"23":{"start":{"line":138,"column":8},"end":{"line":138,"column":3895}},"24":{"start":{"line":139,"column":12},"end":{"line":139,"column":58}},"25":{"start":{"line":140,"column":12},"end":{"line":140,"column":3999}},"26":{"start":{"line":141,"column":16},"end":{"line":141,"column":59}},"27":{"start":{"line":143,"column":16},"end":{"line":143,"column":77}},"28":{"start":{"line":147,"column":8},"end":{"line":147,"column":4209}},"29":{"start":{"line":149,"column":12},"end":{"line":149,"column":4329}},"30":{"start":{"line":155,"column":12},"end":{"line":155,"column":78}},"31":{"start":{"line":158,"column":8},"end":{"line":158,"column":4646}},"32":{"start":{"line":159,"column":12},"end":{"line":159,"column":76}},"33":{"start":{"line":161,"column":12},"end":{"line":161,"column":68}}},"branchMap":{"1":{"line":58,"type":"if","locations":[{"start":{"line":58,"column":8},"end":{"line":58,"column":8}},{"start":{"line":58,"column":8},"end":{"line":58,"column":8}}]},"2":{"line":66,"type":"if","locations":[{"start":{"line":66,"column":8},"end":{"line":66,"column":8}},{"start":{"line":66,"column":8},"end":{"line":66,"column":8}}]},"3":{"line":102,"type":"if","locations":[{"start":{"line":102,"column":8},"end":{"line":102,"column":8}},{"start":{"line":102,"column":8},"end":{"line":102,"column":8}}]},"4":{"line":130,"type":"if","locations":[{"start":{"line":130,"column":8},"end":{"line":130,"column":8}},{"start":{"line":130,"column":8},"end":{"line":130,"column":8}}]},"5":{"line":132,"type":"if","locations":[{"start":{"line":132,"column":12},"end":{"line":132,"column":12}},{"start":{"line":132,"column":12},"end":{"line":132,"column":12}}]},"6":{"line":138,"type":"if","locations":[{"start":{"line":138,"column":8},"end":{"line":138,"column":8}},{"start":{"line":138,"column":8},"end":{"line":138,"column":8}}]},"7":{"line":140,"type":"if","locations":[{"start":{"line":140,"column":12},"end":{"line":140,"column":12}},{"start":{"line":140,"column":12},"end":{"line":140,"column":12}}]},"8":{"line":147,"type":"if","locations":[{"start":{"line":147,"column":8},"end":{"line":147,"column":8}},{"start":{"line":147,"column":8},"end":{"line":147,"column":8}}]},"9":{"line":149,"type":"if","locations":[{"start":{"line":149,"column":12},"end":{"line":149,"column":12}},{"start":{"line":149,"column":12},"end":{"line":149,"column":12}}]},"10":{"line":155,"type":"if","locations":[{"start":{"line":155,"column":12},"end":{"line":155,"column":12}},{"start":{"line":155,"column":12},"end":{"line":155,"column":12}}]},"11":{"line":158,"type":"if","locations":[{"start":{"line":158,"column":8},"end":{"line":158,"column":8}},{"start":{"line":158,"column":8},"end":{"line":158,"column":8}}]}}},"contracts/lib/Liquidation.sol":{"l":{"62":75,"63":68,"66":68,"69":68,"73":68,"74":68,"75":68,"76":68,"80":68,"92":64,"98":64,"115":7,"119":7,"134":9,"135":1,"167":8,"168":8,"170":8,"171":16,"172":16,"173":8,"177":8,"178":8,"181":8,"184":8,"190":8,"193":8,"196":8,"199":8,"221":19,"222":19,"225":19,"228":17,"231":17,"232":16,"236":15,"241":15,"242":15,"243":15,"248":15,"249":15,"259":1,"266":3,"270":2,"274":1,"275":1,"276":1,"277":1,"278":1,"279":1,"280":1},"path":"/Users/leimingda/Documents/jojo/contracts/lib/Liquidation.sol","s":{"1":75,"2":68,"3":68,"4":68,"5":68,"6":68,"7":68,"8":68,"9":64,"10":64,"11":7,"12":7,"13":9,"14":1,"15":8,"16":8,"17":8,"18":16,"19":16,"20":8,"21":8,"22":8,"23":8,"24":8,"25":8,"26":8,"27":8,"28":8,"29":19,"30":19,"31":19,"32":17,"33":17,"34":16,"35":15,"36":15,"37":15,"38":15,"39":15,"40":15,"41":1,"42":3,"43":2,"44":1,"45":1,"46":1,"47":1,"48":1,"49":1,"50":1},"b":{"1":[1,8],"2":[8,8],"3":[19,0],"4":[17,2],"5":[16,1],"6":[15,1],"7":[2,1],"8":[1,1]},"f":{"1":75,"2":64,"3":7,"4":9,"5":19,"6":1,"7":3},"fnMap":{"1":{"name":"getTotalExposure","line":52,"loc":{"start":{"line":52,"column":4},"end":{"line":84,"column":4}}},"2":{"name":"_isSafe","line":87,"loc":{"start":{"line":87,"column":4},"end":{"line":103,"column":4}}},"3":{"name":"_isSolidSafe","line":110,"loc":{"start":{"line":110,"column":4},"end":{"line":125,"column":4}}},"4":{"name":"getLiquidationPrice","line":129,"loc":{"start":{"line":129,"column":4},"end":{"line":200,"column":4}}},"5":{"name":"getLiquidateCreditAmount","line":206,"loc":{"start":{"line":206,"column":4},"end":{"line":252,"column":4}}},"6":{"name":"getMarkPrice","line":254,"loc":{"start":{"line":254,"column":4},"end":{"line":261,"column":4}}},"7":{"name":"handleBadDebt","line":263,"loc":{"start":{"line":263,"column":4},"end":{"line":281,"column":4}}}},"statementMap":{"1":{"start":{"line":62,"column":8},"end":{"line":62,"column":1532}},"2":{"start":{"line":63,"column":12},"end":{"line":63,"column":1631}},"3":{"start":{"line":66,"column":12},"end":{"line":66,"column":1761}},"4":{"start":{"line":69,"column":12},"end":{"line":69,"column":1890}},"5":{"start":{"line":73,"column":12},"end":{"line":73,"column":75}},"6":{"start":{"line":74,"column":12},"end":{"line":74,"column":75}},"7":{"start":{"line":75,"column":12},"end":{"line":75,"column":40}},"8":{"start":{"line":76,"column":12},"end":{"line":76,"column":2219}},"9":{"start":{"line":92,"column":8},"end":{"line":92,"column":2556}},"10":{"start":{"line":98,"column":8},"end":{"line":98,"column":2759}},"11":{"start":{"line":115,"column":8},"end":{"line":115,"column":3227}},"12":{"start":{"line":119,"column":8},"end":{"line":119,"column":3387}},"13":{"start":{"line":134,"column":8},"end":{"line":134,"column":3908}},"14":{"start":{"line":135,"column":12},"end":{"line":135,"column":20}},"15":{"start":{"line":167,"column":8},"end":{"line":167,"column":37}},"16":{"start":{"line":168,"column":8},"end":{"line":168,"column":5591}},"17":{"start":{"line":170,"column":8},"end":{"line":170,"column":5662}},"18":{"start":{"line":171,"column":12},"end":{"line":171,"column":54}},"19":{"start":{"line":172,"column":12},"end":{"line":172,"column":5801}},"20":{"start":{"line":173,"column":16},"end":{"line":173,"column":5873}},"21":{"start":{"line":177,"column":16},"end":{"line":177,"column":72}},"22":{"start":{"line":178,"column":16},"end":{"line":178,"column":6074}},"23":{"start":{"line":181,"column":16},"end":{"line":181,"column":6227}},"24":{"start":{"line":184,"column":16},"end":{"line":184,"column":6336}},"25":{"start":{"line":190,"column":8},"end":{"line":190,"column":6540}},"26":{"start":{"line":193,"column":8},"end":{"line":193,"column":6719}},"27":{"start":{"line":196,"column":8},"end":{"line":196,"column":6879}},"28":{"start":{"line":199,"column":8},"end":{"line":199,"column":51}},"29":{"start":{"line":221,"column":8},"end":{"line":221,"column":67}},"30":{"start":{"line":222,"column":8},"end":{"line":222,"column":63}},"31":{"start":{"line":225,"column":8},"end":{"line":225,"column":73}},"32":{"start":{"line":228,"column":8},"end":{"line":228,"column":7875}},"33":{"start":{"line":231,"column":8},"end":{"line":231,"column":69}},"34":{"start":{"line":232,"column":8},"end":{"line":232,"column":8053}},"35":{"start":{"line":236,"column":8},"end":{"line":236,"column":8213}},"36":{"start":{"line":241,"column":8},"end":{"line":241,"column":79}},"37":{"start":{"line":242,"column":8},"end":{"line":242,"column":75}},"38":{"start":{"line":243,"column":8},"end":{"line":243,"column":8539}},"39":{"start":{"line":248,"column":8},"end":{"line":248,"column":76}},"40":{"start":{"line":249,"column":8},"end":{"line":249,"column":8746}},"41":{"start":{"line":259,"column":8},"end":{"line":259,"column":9007}},"42":{"start":{"line":266,"column":8},"end":{"line":266,"column":9205}},"43":{"start":{"line":270,"column":8},"end":{"line":270,"column":9327}},"44":{"start":{"line":274,"column":8},"end":{"line":274,"column":68}},"45":{"start":{"line":275,"column":8},"end":{"line":275,"column":73}},"46":{"start":{"line":276,"column":8},"end":{"line":276,"column":60}},"47":{"start":{"line":277,"column":8},"end":{"line":277,"column":64}},"48":{"start":{"line":278,"column":8},"end":{"line":278,"column":48}},"49":{"start":{"line":279,"column":8},"end":{"line":279,"column":50}},"50":{"start":{"line":280,"column":8},"end":{"line":280,"column":76}}},"branchMap":{"1":{"line":134,"type":"if","locations":[{"start":{"line":134,"column":8},"end":{"line":134,"column":8}},{"start":{"line":134,"column":8},"end":{"line":134,"column":8}}]},"2":{"line":172,"type":"if","locations":[{"start":{"line":172,"column":12},"end":{"line":172,"column":12}},{"start":{"line":172,"column":12},"end":{"line":172,"column":12}}]},"3":{"line":222,"type":"if","locations":[{"start":{"line":222,"column":8},"end":{"line":222,"column":8}},{"start":{"line":222,"column":8},"end":{"line":222,"column":8}}]},"4":{"line":225,"type":"if","locations":[{"start":{"line":225,"column":8},"end":{"line":225,"column":8}},{"start":{"line":225,"column":8},"end":{"line":225,"column":8}}]},"5":{"line":231,"type":"if","locations":[{"start":{"line":231,"column":8},"end":{"line":231,"column":8}},{"start":{"line":231,"column":8},"end":{"line":231,"column":8}}]},"6":{"line":232,"type":"if","locations":[{"start":{"line":232,"column":8},"end":{"line":232,"column":8}},{"start":{"line":232,"column":8},"end":{"line":232,"column":8}}]},"7":{"line":266,"type":"if","locations":[{"start":{"line":266,"column":8},"end":{"line":266,"column":8}},{"start":{"line":266,"column":8},"end":{"line":266,"column":8}}]},"8":{"line":270,"type":"if","locations":[{"start":{"line":270,"column":8},"end":{"line":270,"column":8}},{"start":{"line":270,"column":8},"end":{"line":270,"column":8}}]}}},"contracts/lib/Operation.sol":{"l":{"41":133,"43":1,"44":2,"45":1,"48":1,"52":133,"54":132,"56":133,"61":133,"62":133,"70":16,"74":15,"78":15,"79":15,"80":15,"81":15,"82":15,"89":44,"90":44,"91":44,"97":44,"98":44,"99":44,"106":1,"107":1,"108":1,"116":46,"117":46,"124":44,"128":44},"path":"/Users/leimingda/Documents/jojo/contracts/lib/Operation.sol","s":{"1":133,"2":1,"3":2,"4":1,"5":1,"6":133,"7":132,"8":133,"9":133,"10":133,"11":16,"12":15,"13":15,"14":15,"15":15,"16":15,"17":15,"18":44,"19":44,"20":44,"21":44,"22":44,"23":44,"24":1,"25":1,"26":1,"27":46,"28":46,"29":44,"30":44},"b":{"1":[1,132],"2":[1,1],"3":[132,1],"4":[133,0],"5":[15,1],"6":[15,0],"7":[44,0]},"f":{"1":133,"2":16,"3":44,"4":44,"5":1,"6":46,"7":44},"fnMap":{"1":{"name":"setPerpRiskParams","line":36,"loc":{"start":{"line":36,"column":4},"end":{"line":63,"column":4}}},"2":{"name":"updateFundingRate","line":65,"loc":{"start":{"line":65,"column":4},"end":{"line":84,"column":4}}},"3":{"name":"setFundingRateKeeper","line":86,"loc":{"start":{"line":86,"column":4},"end":{"line":92,"column":4}}},"4":{"name":"setInsurance","line":94,"loc":{"start":{"line":94,"column":4},"end":{"line":100,"column":4}}},"5":{"name":"setWithdrawTimeLock","line":102,"loc":{"start":{"line":102,"column":4},"end":{"line":109,"column":4}}},"6":{"name":"_setOrderSender","line":111,"loc":{"start":{"line":111,"column":4},"end":{"line":118,"column":4}}},"7":{"name":"setSecondaryAsset","line":120,"loc":{"start":{"line":120,"column":4},"end":{"line":129,"column":4}}}},"statementMap":{"1":{"start":{"line":41,"column":8},"end":{"line":41,"column":958}},"2":{"start":{"line":43,"column":12},"end":{"line":43,"column":1071}},"3":{"start":{"line":44,"column":16},"end":{"line":44,"column":1147}},"4":{"start":{"line":45,"column":20},"end":{"line":45,"column":1210}},"5":{"start":{"line":48,"column":20},"end":{"line":48,"column":45}},"6":{"start":{"line":52,"column":8},"end":{"line":52,"column":1423}},"7":{"start":{"line":54,"column":12},"end":{"line":54,"column":42}},"8":{"start":{"line":56,"column":8},"end":{"line":56,"column":1580}},"9":{"start":{"line":61,"column":8},"end":{"line":61,"column":41}},"10":{"start":{"line":62,"column":8},"end":{"line":62,"column":46}},"11":{"start":{"line":70,"column":8},"end":{"line":70,"column":2042}},"12":{"start":{"line":74,"column":8},"end":{"line":74,"column":2168}},"13":{"start":{"line":78,"column":8},"end":{"line":78,"column":2285}},"14":{"start":{"line":79,"column":12},"end":{"line":79,"column":79}},"15":{"start":{"line":80,"column":12},"end":{"line":80,"column":47}},"16":{"start":{"line":81,"column":12},"end":{"line":81,"column":43}},"17":{"start":{"line":82,"column":12},"end":{"line":82,"column":69}},"18":{"start":{"line":89,"column":8},"end":{"line":89,"column":51}},"19":{"start":{"line":90,"column":8},"end":{"line":90,"column":42}},"20":{"start":{"line":91,"column":8},"end":{"line":91,"column":55}},"21":{"start":{"line":97,"column":8},"end":{"line":97,"column":46}},"22":{"start":{"line":98,"column":8},"end":{"line":98,"column":37}},"23":{"start":{"line":99,"column":8},"end":{"line":99,"column":53}},"24":{"start":{"line":106,"column":8},"end":{"line":106,"column":60}},"25":{"start":{"line":107,"column":8},"end":{"line":107,"column":51}},"26":{"start":{"line":108,"column":8},"end":{"line":108,"column":74}},"27":{"start":{"line":116,"column":8},"end":{"line":116,"column":52}},"28":{"start":{"line":117,"column":8},"end":{"line":117,"column":49}},"29":{"start":{"line":124,"column":8},"end":{"line":124,"column":3800}},"30":{"start":{"line":128,"column":8},"end":{"line":128,"column":45}}},"branchMap":{"1":{"line":41,"type":"if","locations":[{"start":{"line":41,"column":8},"end":{"line":41,"column":8}},{"start":{"line":41,"column":8},"end":{"line":41,"column":8}}]},"2":{"line":44,"type":"if","locations":[{"start":{"line":44,"column":16},"end":{"line":44,"column":16}},{"start":{"line":44,"column":16},"end":{"line":44,"column":16}}]},"3":{"line":52,"type":"if","locations":[{"start":{"line":52,"column":8},"end":{"line":52,"column":8}},{"start":{"line":52,"column":8},"end":{"line":52,"column":8}}]},"4":{"line":56,"type":"if","locations":[{"start":{"line":56,"column":8},"end":{"line":56,"column":8}},{"start":{"line":56,"column":8},"end":{"line":56,"column":8}}]},"5":{"line":70,"type":"if","locations":[{"start":{"line":70,"column":8},"end":{"line":70,"column":8}},{"start":{"line":70,"column":8},"end":{"line":70,"column":8}}]},"6":{"line":74,"type":"if","locations":[{"start":{"line":74,"column":8},"end":{"line":74,"column":8}},{"start":{"line":74,"column":8},"end":{"line":74,"column":8}}]},"7":{"line":124,"type":"if","locations":[{"start":{"line":124,"column":8},"end":{"line":124,"column":8}},{"start":{"line":124,"column":8},"end":{"line":124,"column":8}}]}}},"contracts/lib/Trading.sol":{"l":{"48":67,"49":67,"53":67,"63":66,"70":66,"71":66,"72":130,"73":130,"77":130,"79":130,"84":129,"88":128,"93":125,"94":124,"98":123,"99":123,"105":122,"106":122,"107":122,"119":58,"120":58,"122":57,"123":57,"125":57,"126":3,"127":3,"128":1,"130":2,"137":56,"141":55,"143":55,"147":55,"148":55,"149":55,"152":55,"153":55,"154":55,"155":57,"158":55,"159":1,"160":1,"164":55,"167":55,"169":55,"173":55,"176":55,"185":55,"186":55,"187":55,"188":55,"189":55,"190":55,"192":55,"199":53,"201":53,"203":53,"204":53,"205":53,"214":53,"216":53,"217":2,"225":52,"233":52,"234":52,"235":52,"237":52,"238":105,"239":105,"240":105,"241":105,"244":105,"245":135,"246":135,"247":135,"249":135,"250":169,"251":68,"252":68,"255":101,"256":67,"260":67,"261":67,"262":67,"265":135,"268":135,"269":105,"271":135,"272":135,"274":135,"275":135,"278":105,"292":132,"293":122,"294":122,"301":10,"302":10,"304":10,"305":10,"306":10,"307":10,"309":10,"310":10,"311":10,"312":10,"313":10,"314":10,"315":10,"338":57,"340":57,"343":57,"345":48,"346":48,"349":9,"350":9,"379":130,"380":130,"395":55,"396":55,"397":55,"400":55,"408":53,"409":53,"410":53,"413":53,"417":129,"418":129,"419":129,"422":129},"path":"/Users/leimingda/Documents/jojo/contracts/lib/Trading.sol","s":{"1":67,"2":67,"3":67,"4":66,"5":66,"6":66,"7":130,"8":130,"9":130,"10":130,"11":129,"12":128,"13":125,"14":124,"15":123,"16":123,"17":122,"18":122,"19":58,"20":57,"21":57,"22":57,"23":3,"24":3,"25":1,"26":2,"27":56,"28":55,"29":55,"30":55,"31":55,"32":55,"33":55,"34":55,"35":57,"36":55,"37":1,"38":1,"39":55,"40":55,"41":55,"42":55,"43":55,"44":55,"45":55,"46":55,"47":55,"48":55,"49":55,"50":53,"51":53,"52":53,"53":53,"54":53,"55":53,"56":2,"57":52,"58":52,"59":52,"60":52,"61":52,"62":105,"63":105,"64":105,"65":105,"66":105,"67":135,"68":135,"69":135,"70":135,"71":169,"72":68,"73":101,"74":67,"75":67,"76":67,"77":135,"78":135,"79":105,"80":135,"81":135,"82":135,"83":135,"84":105,"85":132,"86":122,"87":122,"88":10,"89":10,"90":10,"91":10,"92":10,"93":10,"94":10,"95":10,"96":10,"97":10,"98":10,"99":10,"100":57,"101":57,"102":57,"103":48,"104":48,"105":9,"106":9,"107":130,"108":55,"109":55,"110":55,"111":53,"112":53,"113":53,"114":129,"115":129,"116":129},"b":{"1":[67,0],"2":[66,1],"3":[129,1],"4":[128,1],"5":[125,3],"6":[124,1],"7":[123,1],"8":[122,1],"9":[57,1],"10":[1,2],"11":[1,1],"12":[55,1],"13":[1,54],"14":[2,51],"15":[1,1],"16":[68,101],"17":[67,34],"18":[105,30],"19":[135,0],"20":[104,1],"21":[122,10],"22":[10,0],"23":[10,0],"24":[48,9],"25":[48,0],"26":[47,1],"27":[9,0],"28":[8,1]},"f":{"1":67,"2":52,"3":132,"4":10,"5":57,"6":130,"7":55,"8":53,"9":129},"fnMap":{"1":{"name":"_approveTrade","line":43,"loc":{"start":{"line":43,"column":4},"end":{"line":226,"column":4}}},"2":{"name":"_checkIsTraderSafe","line":228,"loc":{"start":{"line":228,"column":4},"end":{"line":283,"column":4}}},"3":{"name":"_addPosition","line":287,"loc":{"start":{"line":287,"column":4},"end":{"line":296,"column":4}}},"4":{"name":"_positionClear","line":298,"loc":{"start":{"line":298,"column":4},"end":{"line":318,"column":4}}},"5":{"name":"_priceMatchCheck","line":322,"loc":{"start":{"line":322,"column":4},"end":{"line":352,"column":4}}},"6":{"name":"_structHash","line":354,"loc":{"start":{"line":354,"column":4},"end":{"line":390,"column":4}}},"7":{"name":"_info2MakerFeeRate","line":394,"loc":{"start":{"line":394,"column":4},"end":{"line":401,"column":4}}},"8":{"name":"_info2TakerFeeRate","line":403,"loc":{"start":{"line":403,"column":4},"end":{"line":414,"column":4}}},"9":{"name":"_info2Expiration","line":416,"loc":{"start":{"line":416,"column":4},"end":{"line":423,"column":4}}}},"statementMap":{"1":{"start":{"line":48,"column":8},"end":{"line":48,"column":31}},"2":{"start":{"line":49,"column":8},"end":{"line":49,"column":1409}},"3":{"start":{"line":53,"column":8},"end":{"line":53,"column":1536}},"4":{"start":{"line":63,"column":8},"end":{"line":63,"column":1909}},"5":{"start":{"line":70,"column":8},"end":{"line":70,"column":72}},"6":{"start":{"line":71,"column":8},"end":{"line":71,"column":2163}},"7":{"start":{"line":72,"column":12},"end":{"line":72,"column":51}},"8":{"start":{"line":73,"column":12},"end":{"line":73,"column":2279}},"9":{"start":{"line":77,"column":12},"end":{"line":77,"column":78}},"10":{"start":{"line":79,"column":12},"end":{"line":79,"column":2532}},"11":{"start":{"line":84,"column":12},"end":{"line":84,"column":2737}},"12":{"start":{"line":88,"column":12},"end":{"line":88,"column":2875}},"13":{"start":{"line":93,"column":12},"end":{"line":93,"column":67}},"14":{"start":{"line":94,"column":12},"end":{"line":94,"column":3165}},"15":{"start":{"line":98,"column":12},"end":{"line":98,"column":73}},"16":{"start":{"line":99,"column":12},"end":{"line":99,"column":3380}},"17":{"start":{"line":105,"column":12},"end":{"line":105,"column":64}},"18":{"start":{"line":106,"column":12},"end":{"line":106,"column":39}},"19":{"start":{"line":120,"column":12},"end":{"line":120,"column":71}},"20":{"start":{"line":122,"column":12},"end":{"line":122,"column":39}},"21":{"start":{"line":123,"column":12},"end":{"line":123,"column":63}},"22":{"start":{"line":125,"column":12},"end":{"line":125,"column":4414}},"23":{"start":{"line":126,"column":16},"end":{"line":126,"column":59}},"24":{"start":{"line":127,"column":16},"end":{"line":127,"column":4545}},"25":{"start":{"line":128,"column":20},"end":{"line":128,"column":39}},"26":{"start":{"line":130,"column":20},"end":{"line":130,"column":4689}},"27":{"start":{"line":137,"column":12},"end":{"line":137,"column":4958}},"28":{"start":{"line":141,"column":12},"end":{"line":141,"column":61}},"29":{"start":{"line":143,"column":12},"end":{"line":143,"column":53}},"30":{"start":{"line":147,"column":8},"end":{"line":147,"column":70}},"31":{"start":{"line":148,"column":8},"end":{"line":148,"column":71}},"32":{"start":{"line":152,"column":12},"end":{"line":152,"column":42}},"33":{"start":{"line":153,"column":12},"end":{"line":153,"column":53}},"34":{"start":{"line":154,"column":12},"end":{"line":154,"column":5656}},"35":{"start":{"line":155,"column":16},"end":{"line":155,"column":59}},"36":{"start":{"line":158,"column":16},"end":{"line":158,"column":5837}},"37":{"start":{"line":159,"column":20},"end":{"line":159,"column":42}},"38":{"start":{"line":160,"column":20},"end":{"line":160,"column":78}},"39":{"start":{"line":164,"column":16},"end":{"line":164,"column":6164}},"40":{"start":{"line":167,"column":16},"end":{"line":167,"column":6355}},"41":{"start":{"line":169,"column":16},"end":{"line":169,"column":6427}},"42":{"start":{"line":173,"column":16},"end":{"line":173,"column":6657}},"43":{"start":{"line":176,"column":16},"end":{"line":176,"column":6777}},"44":{"start":{"line":185,"column":16},"end":{"line":185,"column":72}},"45":{"start":{"line":186,"column":16},"end":{"line":186,"column":74}},"46":{"start":{"line":187,"column":16},"end":{"line":187,"column":65}},"47":{"start":{"line":188,"column":16},"end":{"line":188,"column":55}},"48":{"start":{"line":189,"column":16},"end":{"line":189,"column":57}},"49":{"start":{"line":190,"column":16},"end":{"line":190,"column":43}},"50":{"start":{"line":201,"column":12},"end":{"line":201,"column":7743}},"51":{"start":{"line":203,"column":12},"end":{"line":203,"column":49}},"52":{"start":{"line":204,"column":12},"end":{"line":204,"column":44}},"53":{"start":{"line":205,"column":12},"end":{"line":205,"column":7928}},"54":{"start":{"line":214,"column":12},"end":{"line":214,"column":68}},"55":{"start":{"line":216,"column":12},"end":{"line":216,"column":8402}},"56":{"start":{"line":217,"column":16},"end":{"line":217,"column":8455}},"57":{"start":{"line":225,"column":8},"end":{"line":225,"column":40}},"58":{"start":{"line":233,"column":8},"end":{"line":233,"column":58}},"59":{"start":{"line":234,"column":8},"end":{"line":234,"column":63}},"60":{"start":{"line":235,"column":8},"end":{"line":235,"column":67}},"61":{"start":{"line":237,"column":8},"end":{"line":237,"column":9122}},"62":{"start":{"line":238,"column":12},"end":{"line":238,"column":49}},"63":{"start":{"line":239,"column":12},"end":{"line":239,"column":32}},"64":{"start":{"line":240,"column":12},"end":{"line":240,"column":28}},"65":{"start":{"line":241,"column":12},"end":{"line":241,"column":9340}},"66":{"start":{"line":244,"column":12},"end":{"line":244,"column":9470}},"67":{"start":{"line":245,"column":16},"end":{"line":245,"column":61}},"68":{"start":{"line":246,"column":16},"end":{"line":246,"column":75}},"69":{"start":{"line":247,"column":16},"end":{"line":247,"column":32}},"70":{"start":{"line":249,"column":16},"end":{"line":249,"column":9780}},"71":{"start":{"line":250,"column":20},"end":{"line":250,"column":9849}},"72":{"start":{"line":251,"column":24},"end":{"line":251,"column":52}},"73":{"start":{"line":255,"column":20},"end":{"line":255,"column":10065}},"74":{"start":{"line":256,"column":24},"end":{"line":256,"column":10126}},"75":{"start":{"line":260,"column":24},"end":{"line":260,"column":41}},"76":{"start":{"line":261,"column":24},"end":{"line":261,"column":52}},"77":{"start":{"line":265,"column":16},"end":{"line":265,"column":10490}},"78":{"start":{"line":268,"column":16},"end":{"line":268,"column":10629}},"79":{"start":{"line":269,"column":20},"end":{"line":269,"column":59}},"80":{"start":{"line":271,"column":16},"end":{"line":271,"column":66}},"81":{"start":{"line":272,"column":16},"end":{"line":272,"column":69}},"82":{"start":{"line":274,"column":16},"end":{"line":274,"column":10954}},"83":{"start":{"line":275,"column":20},"end":{"line":275,"column":61}},"84":{"start":{"line":278,"column":12},"end":{"line":278,"column":11108}},"85":{"start":{"line":292,"column":8},"end":{"line":292,"column":11437}},"86":{"start":{"line":293,"column":12},"end":{"line":293,"column":49}},"87":{"start":{"line":294,"column":12},"end":{"line":294,"column":49}},"88":{"start":{"line":301,"column":8},"end":{"line":301,"column":73}},"89":{"start":{"line":302,"column":8},"end":{"line":302,"column":63}},"90":{"start":{"line":304,"column":8},"end":{"line":304,"column":74}},"91":{"start":{"line":305,"column":8},"end":{"line":305,"column":69}},"92":{"start":{"line":306,"column":8},"end":{"line":306,"column":50}},"93":{"start":{"line":307,"column":8},"end":{"line":307,"column":55}},"94":{"start":{"line":309,"column":8},"end":{"line":309,"column":52}},"95":{"start":{"line":310,"column":8},"end":{"line":310,"column":68}},"96":{"start":{"line":311,"column":8},"end":{"line":311,"column":12227}},"97":{"start":{"line":312,"column":12},"end":{"line":312,"column":12295}},"98":{"start":{"line":313,"column":16},"end":{"line":313,"column":70}},"99":{"start":{"line":314,"column":16},"end":{"line":314,"column":33}},"100":{"start":{"line":338,"column":8},"end":{"line":338,"column":13187}},"101":{"start":{"line":340,"column":8},"end":{"line":340,"column":13288}},"102":{"start":{"line":343,"column":8},"end":{"line":343,"column":13356}},"103":{"start":{"line":345,"column":12},"end":{"line":345,"column":76}},"104":{"start":{"line":346,"column":12},"end":{"line":346,"column":64}},"105":{"start":{"line":349,"column":12},"end":{"line":349,"column":76}},"106":{"start":{"line":350,"column":12},"end":{"line":350,"column":64}},"107":{"start":{"line":379,"column":8},"end":{"line":379,"column":52}},"108":{"start":{"line":395,"column":8},"end":{"line":395,"column":42}},"109":{"start":{"line":396,"column":8},"end":{"line":396,"column":22}},"110":{"start":{"line":400,"column":8},"end":{"line":400,"column":31}},"111":{"start":{"line":408,"column":8},"end":{"line":408,"column":42}},"112":{"start":{"line":409,"column":8},"end":{"line":409,"column":22}},"113":{"start":{"line":413,"column":8},"end":{"line":413,"column":31}},"114":{"start":{"line":417,"column":8},"end":{"line":417,"column":41}},"115":{"start":{"line":418,"column":8},"end":{"line":418,"column":25}},"116":{"start":{"line":422,"column":8},"end":{"line":422,"column":34}}},"branchMap":{"1":{"line":49,"type":"if","locations":[{"start":{"line":49,"column":8},"end":{"line":49,"column":8}},{"start":{"line":49,"column":8},"end":{"line":49,"column":8}}]},"2":{"line":53,"type":"if","locations":[{"start":{"line":53,"column":8},"end":{"line":53,"column":8}},{"start":{"line":53,"column":8},"end":{"line":53,"column":8}}]},"3":{"line":79,"type":"if","locations":[{"start":{"line":79,"column":12},"end":{"line":79,"column":12}},{"start":{"line":79,"column":12},"end":{"line":79,"column":12}}]},"4":{"line":84,"type":"if","locations":[{"start":{"line":84,"column":12},"end":{"line":84,"column":12}},{"start":{"line":84,"column":12},"end":{"line":84,"column":12}}]},"5":{"line":88,"type":"if","locations":[{"start":{"line":88,"column":12},"end":{"line":88,"column":12}},{"start":{"line":88,"column":12},"end":{"line":88,"column":12}}]},"6":{"line":93,"type":"if","locations":[{"start":{"line":93,"column":12},"end":{"line":93,"column":12}},{"start":{"line":93,"column":12},"end":{"line":93,"column":12}}]},"7":{"line":94,"type":"if","locations":[{"start":{"line":94,"column":12},"end":{"line":94,"column":12}},{"start":{"line":94,"column":12},"end":{"line":94,"column":12}}]},"8":{"line":99,"type":"if","locations":[{"start":{"line":99,"column":12},"end":{"line":99,"column":12}},{"start":{"line":99,"column":12},"end":{"line":99,"column":12}}]},"9":{"line":120,"type":"if","locations":[{"start":{"line":120,"column":12},"end":{"line":120,"column":12}},{"start":{"line":120,"column":12},"end":{"line":120,"column":12}}]},"10":{"line":127,"type":"if","locations":[{"start":{"line":127,"column":16},"end":{"line":127,"column":16}},{"start":{"line":127,"column":16},"end":{"line":127,"column":16}}]},"11":{"line":130,"type":"if","locations":[{"start":{"line":130,"column":20},"end":{"line":130,"column":20}},{"start":{"line":130,"column":20},"end":{"line":130,"column":20}}]},"12":{"line":137,"type":"if","locations":[{"start":{"line":137,"column":12},"end":{"line":137,"column":12}},{"start":{"line":137,"column":12},"end":{"line":137,"column":12}}]},"13":{"line":158,"type":"if","locations":[{"start":{"line":158,"column":16},"end":{"line":158,"column":16}},{"start":{"line":158,"column":16},"end":{"line":158,"column":16}}]},"14":{"line":216,"type":"if","locations":[{"start":{"line":216,"column":12},"end":{"line":216,"column":12}},{"start":{"line":216,"column":12},"end":{"line":216,"column":12}}]},"15":{"line":217,"type":"if","locations":[{"start":{"line":217,"column":16},"end":{"line":217,"column":16}},{"start":{"line":217,"column":16},"end":{"line":217,"column":16}}]},"16":{"line":250,"type":"if","locations":[{"start":{"line":250,"column":20},"end":{"line":250,"column":20}},{"start":{"line":250,"column":20},"end":{"line":250,"column":20}}]},"17":{"line":255,"type":"if","locations":[{"start":{"line":255,"column":20},"end":{"line":255,"column":20}},{"start":{"line":255,"column":20},"end":{"line":255,"column":20}}]},"18":{"line":268,"type":"if","locations":[{"start":{"line":268,"column":16},"end":{"line":268,"column":16}},{"start":{"line":268,"column":16},"end":{"line":268,"column":16}}]},"19":{"line":274,"type":"if","locations":[{"start":{"line":274,"column":16},"end":{"line":274,"column":16}},{"start":{"line":274,"column":16},"end":{"line":274,"column":16}}]},"20":{"line":278,"type":"if","locations":[{"start":{"line":278,"column":12},"end":{"line":278,"column":12}},{"start":{"line":278,"column":12},"end":{"line":278,"column":12}}]},"21":{"line":292,"type":"if","locations":[{"start":{"line":292,"column":8},"end":{"line":292,"column":8}},{"start":{"line":292,"column":8},"end":{"line":292,"column":8}}]},"22":{"line":302,"type":"if","locations":[{"start":{"line":302,"column":8},"end":{"line":302,"column":8}},{"start":{"line":302,"column":8},"end":{"line":302,"column":8}}]},"23":{"line":312,"type":"if","locations":[{"start":{"line":312,"column":12},"end":{"line":312,"column":12}},{"start":{"line":312,"column":12},"end":{"line":312,"column":12}}]},"24":{"line":343,"type":"if","locations":[{"start":{"line":343,"column":8},"end":{"line":343,"column":8}},{"start":{"line":343,"column":8},"end":{"line":343,"column":8}}]},"25":{"line":345,"type":"if","locations":[{"start":{"line":345,"column":12},"end":{"line":345,"column":12}},{"start":{"line":345,"column":12},"end":{"line":345,"column":12}}]},"26":{"line":346,"type":"if","locations":[{"start":{"line":346,"column":12},"end":{"line":346,"column":12}},{"start":{"line":346,"column":12},"end":{"line":346,"column":12}}]},"27":{"line":349,"type":"if","locations":[{"start":{"line":349,"column":12},"end":{"line":349,"column":12}},{"start":{"line":349,"column":12},"end":{"line":349,"column":12}}]},"28":{"line":350,"type":"if","locations":[{"start":{"line":350,"column":12},"end":{"line":350,"column":12}},{"start":{"line":350,"column":12},"end":{"line":350,"column":12}}]}}},"contracts/lib/Types.sol":{"l":{},"path":"/Users/leimingda/Documents/jojo/contracts/lib/Types.sol","s":{},"b":{},"f":{},"fnMap":{},"statementMap":{},"branchMap":{}},"contracts/subaccount/Subaccount.sol":{"l":{"32":10,"33":6,"39":10,"40":9,"41":9,"42":9,"43":9,"49":3,"64":1,"69":1,"78":1},"path":"/Users/leimingda/Documents/jojo/contracts/subaccount/Subaccount.sol","s":{"1":10,"2":10,"3":9,"4":9,"5":9,"6":9,"7":3,"8":1,"9":1,"10":1},"b":{"1":[6,4],"2":[9,1]},"f":{"1":10,"2":10,"3":3,"4":1,"5":1,"6":1},"fnMap":{"1":{"name":"onlyOwner","line":31,"loc":{"start":{"line":31,"column":4},"end":{"line":34,"column":4}}},"2":{"name":"init","line":38,"loc":{"start":{"line":38,"column":4},"end":{"line":44,"column":4}}},"3":{"name":"setOperator","line":48,"loc":{"start":{"line":48,"column":4},"end":{"line":50,"column":4}}},"4":{"name":"requestWithdraw","line":62,"loc":{"start":{"line":60,"column":4},"end":{"line":65,"column":4}}},"5":{"name":"executeWithdraw","line":68,"loc":{"start":{"line":68,"column":4},"end":{"line":70,"column":4}}},"6":{"name":"retrieve","line":77,"loc":{"start":{"line":73,"column":4},"end":{"line":79,"column":4}}}},"statementMap":{"1":{"start":{"line":32,"column":8},"end":{"line":32,"column":71}},"2":{"start":{"line":39,"column":8},"end":{"line":39,"column":51}},"3":{"start":{"line":40,"column":8},"end":{"line":40,"column":25}},"4":{"start":{"line":41,"column":8},"end":{"line":41,"column":21}},"5":{"start":{"line":42,"column":8},"end":{"line":42,"column":23}},"6":{"start":{"line":43,"column":8},"end":{"line":43,"column":47}},"7":{"start":{"line":49,"column":8},"end":{"line":49,"column":53}},"8":{"start":{"line":64,"column":8},"end":{"line":64,"column":70}},"9":{"start":{"line":69,"column":8},"end":{"line":69,"column":54}},"10":{"start":{"line":78,"column":8},"end":{"line":78,"column":41}}},"branchMap":{"1":{"line":32,"type":"if","locations":[{"start":{"line":32,"column":8},"end":{"line":32,"column":8}},{"start":{"line":32,"column":8},"end":{"line":32,"column":8}}]},"2":{"line":39,"type":"if","locations":[{"start":{"line":39,"column":8},"end":{"line":39,"column":8}},{"start":{"line":39,"column":8},"end":{"line":39,"column":8}}]}}},"contracts/subaccount/SubaccountFactory.sol":{"l":{"29":3,"30":3,"31":3,"40":6,"42":6,"43":6,"44":6,"55":4},"path":"/Users/leimingda/Documents/jojo/contracts/subaccount/SubaccountFactory.sol","s":{"1":3,"2":3,"3":3,"4":6,"5":6,"6":6,"7":6,"8":4},"b":{},"f":{"1":3,"2":6,"3":4},"fnMap":{"1":{"name":"constructor","line":28,"loc":{"start":{"line":28,"column":4},"end":{"line":32,"column":4}}},"2":{"name":"newSubaccount","line":39,"loc":{"start":{"line":39,"column":4},"end":{"line":48,"column":4}}},"3":{"name":"getSubaccounts","line":50,"loc":{"start":{"line":50,"column":4},"end":{"line":56,"column":4}}}},"statementMap":{"1":{"start":{"line":29,"column":8},"end":{"line":29,"column":43}},"2":{"start":{"line":30,"column":8},"end":{"line":30,"column":23}},"3":{"start":{"line":31,"column":8},"end":{"line":31,"column":55}},"4":{"start":{"line":40,"column":8},"end":{"line":40,"column":42}},"5":{"start":{"line":42,"column":8},"end":{"line":42,"column":54}},"6":{"start":{"line":43,"column":8},"end":{"line":43,"column":54}},"7":{"start":{"line":44,"column":8},"end":{"line":44,"column":1267}},"8":{"start":{"line":55,"column":8},"end":{"line":55,"column":41}}},"branchMap":{}},"contracts/utils/Errors.sol":{"l":{},"path":"/Users/leimingda/Documents/jojo/contracts/utils/Errors.sol","s":{},"b":{},"f":{},"fnMap":{},"statementMap":{},"branchMap":{}},"contracts/utils/SignedDecimalMath.sol":{"l":{"13":1080,"17":16,"21":487},"path":"/Users/leimingda/Documents/jojo/contracts/utils/SignedDecimalMath.sol","s":{"1":1080,"2":16,"3":487},"b":{},"f":{"1":1080,"2":16,"3":487},"fnMap":{"1":{"name":"decimalMul","line":12,"loc":{"start":{"line":12,"column":4},"end":{"line":14,"column":4}}},"2":{"name":"decimalDiv","line":16,"loc":{"start":{"line":16,"column":4},"end":{"line":18,"column":4}}},"3":{"name":"abs","line":20,"loc":{"start":{"line":20,"column":4},"end":{"line":22,"column":4}}}},"statementMap":{"1":{"start":{"line":13,"column":8},"end":{"line":13,"column":28}},"2":{"start":{"line":17,"column":8},"end":{"line":17,"column":28}},"3":{"start":{"line":21,"column":8},"end":{"line":21,"column":51}}},"branchMap":{}}}