{
"contracts/impl/JOJODealer.sol":{"l":{"20":126,"21":126,"29":1},"path":"/Users/leimingda/Documents/jojo/contracts/impl/JOJODealer.sol","s":{"1":126,"2":126,"3":1},"b":{},"f":{"1":126,"2":1},"fnMap":{"1":{"name":"constructor","line":19,"loc":{"start":{"line":19,"column":4},"end":{"line":26,"column":4}}},"2":{"name":"version","line":28,"loc":{"start":{"line":28,"column":4},"end":{"line":30,"column":4}}}},"statementMap":{"1":{"start":{"line":20,"column":8},"end":{"line":20,"column":41}},"2":{"start":{"line":21,"column":8},"end":{"line":21,"column":604}},"3":{"start":{"line":29,"column":8},"end":{"line":29,"column":32}}},"branchMap":{}},
"contracts/impl/JOJOExternal.sol":{"l":{"32":105,"40":6,"45":6,"59":67,"66":56,"68":56,"69":2,"75":55,"96":11,"97":11,"98":11,"105":8,"108":8,"109":8,"112":8,"113":8,"114":8,"121":8,"129":8,"138":11},"path":"/Users/leimingda/Documents/jojo/contracts/impl/JOJOExternal.sol","s":{"1":105,"2":6,"3":6,"4":67,"5":56,"6":56,"7":2,"8":55,"9":11,"10":11,"11":11,"12":8,"13":8,"14":8,"15":8,"16":8,"17":8,"18":8,"19":8,"20":11},"b":{"1":[2,54],"2":[1,1]},"f":{"1":105,"2":6,"3":6,"4":67,"5":11,"6":11},"fnMap":{"1":{"name":"deposit","line":31,"loc":{"start":{"line":27,"column":4},"end":{"line":33,"column":4}}},"2":{"name":"requestWithdraw","line":38,"loc":{"start":{"line":36,"column":4},"end":{"line":41,"column":4}}},"3":{"name":"executeWithdraw","line":44,"loc":{"start":{"line":44,"column":4},"end":{"line":46,"column":4}}},"4":{"name":"approveTrade","line":51,"loc":{"start":{"line":51,"column":4},"end":{"line":80,"column":4}}},"5":{"name":"requestLiquidate","line":83,"loc":{"start":{"line":83,"column":4},"end":{"line":134,"column":4}}},"6":{"name":"positionClear","line":137,"loc":{"start":{"line":137,"column":4},"end":{"line":139,"column":4}}}},"statementMap":{"1":{"start":{"line":32,"column":8},"end":{"line":32,"column":66}},"2":{"start":{"line":40,"column":8},"end":{"line":40,"column":70}},"3":{"start":{"line":45,"column":8},"end":{"line":45,"column":42}},"4":{"start":{"line":59,"column":8},"end":{"line":59,"column":1821}},"5":{"start":{"line":66,"column":8},"end":{"line":66,"column":64}},"6":{"start":{"line":68,"column":8},"end":{"line":68,"column":2120}},"7":{"start":{"line":69,"column":12},"end":{"line":69,"column":2169}},"8":{"start":{"line":75,"column":8},"end":{"line":75,"column":2316}},"9":{"start":{"line":96,"column":8},"end":{"line":96,"column":33}},"10":{"start":{"line":97,"column":8},"end":{"line":97,"column":28}},"11":{"start":{"line":98,"column":8},"end":{"line":98,"column":2885}},"12":{"start":{"line":105,"column":8},"end":{"line":105,"column":67}},"13":{"start":{"line":108,"column":8},"end":{"line":108,"column":73}},"14":{"start":{"line":109,"column":8},"end":{"line":109,"column":48}},"15":{"start":{"line":112,"column":8},"end":{"line":112,"column":70}},"16":{"start":{"line":113,"column":8},"end":{"line":113,"column":72}},"17":{"start":{"line":114,"column":8},"end":{"line":114,"column":3534}},"18":{"start":{"line":121,"column":8},"end":{"line":121,"column":3715}},"19":{"start":{"line":129,"column":8},"end":{"line":129,"column":3928}},"20":{"start":{"line":138,"column":8},"end":{"line":138,"column":44}}},"branchMap":{"1":{"line":68,"type":"if","locations":[{"start":{"line":68,"column":8},"end":{"line":68,"column":8}},{"start":{"line":68,"column":8},"end":{"line":68,"column":8}}]},"2":{"line":69,"type":"if","locations":[{"start":{"line":69,"column":12},"end":{"line":69,"column":12}},{"start":{"line":69,"column":12},"end":{"line":69,"column":12}}]}}},
"contracts/impl/JOJOOperation.sol":{"l":{"47":3,"51":2,"55":1,"56":1,"57":1,"58":1,"59":1,"60":1,"61":1,"70":14,"71":14,"72":14,"73":14,"74":14,"85":127,"87":1,"88":2,"89":1,"92":1,"96":127,"98":126,"100":127,"106":127,"107":127,"111":42,"112":42,"113":42,"120":1,"121":1,"122":1,"127":42,"131":42},"path":"/Users/leimingda/Documents/jojo/contracts/impl/JOJOOperation.sol","s":{"1":3,"2":2,"3":1,"4":1,"5":1,"6":1,"7":1,"8":1,"9":1,"10":14,"11":14,"12":14,"13":14,"14":14,"15":127,"16":1,"17":2,"18":1,"19":1,"20":127,"21":126,"22":127,"23":127,"24":127,"25":42,"26":42,"27":42,"28":1,"29":1,"30":1,"31":42,"32":42},"b":{"1":[2,1],"2":[1,1],"3":[1,126],"4":[1,1],"5":[126,1],"6":[127,0],"7":[42,0]},"f":{"1":3,"2":14,"3":127,"4":42,"5":1,"6":42},"fnMap":{"1":{"name":"handleBadDebt","line":46,"loc":{"start":{"line":46,"column":4},"end":{"line":62,"column":4}}},"2":{"name":"updateFundingRate","line":69,"loc":{"start":{"line":66,"column":4},"end":{"line":76,"column":4}}},"3":{"name":"setPerpRiskParams","line":83,"loc":{"start":{"line":81,"column":4},"end":{"line":108,"column":4}}},"4":{"name":"setInsurance","line":110,"loc":{"start":{"line":110,"column":4},"end":{"line":114,"column":4}}},"5":{"name":"setWithdrawTimeLock","line":118,"loc":{"start":{"line":116,"column":4},"end":{"line":123,"column":4}}},"6":{"name":"setSecondaryAsset","line":126,"loc":{"start":{"line":126,"column":4},"end":{"line":132,"column":4}}}},"statementMap":{"1":{"start":{"line":47,"column":8},"end":{"line":47,"column":1223}},"2":{"start":{"line":51,"column":8},"end":{"line":51,"column":1345}},"3":{"start":{"line":55,"column":8},"end":{"line":55,"column":68}},"4":{"start":{"line":56,"column":8},"end":{"line":56,"column":73}},"5":{"start":{"line":57,"column":8},"end":{"line":57,"column":60}},"6":{"start":{"line":58,"column":8},"end":{"line":58,"column":64}},"7":{"start":{"line":59,"column":8},"end":{"line":59,"column":48}},"8":{"start":{"line":60,"column":8},"end":{"line":60,"column":50}},"9":{"start":{"line":61,"column":8},"end":{"line":61,"column":76}},"10":{"start":{"line":70,"column":8},"end":{"line":70,"column":2123}},"11":{"start":{"line":71,"column":12},"end":{"line":71,"column":78}},"12":{"start":{"line":72,"column":12},"end":{"line":72,"column":46}},"13":{"start":{"line":73,"column":12},"end":{"line":73,"column":42}},"14":{"start":{"line":74,"column":12},"end":{"line":74,"column":69}},"15":{"start":{"line":85,"column":8},"end":{"line":85,"column":2784}},"16":{"start":{"line":87,"column":12},"end":{"line":87,"column":2897}},"17":{"start":{"line":88,"column":16},"end":{"line":88,"column":2973}},"18":{"start":{"line":89,"column":20},"end":{"line":89,"column":3036}},"19":{"start":{"line":92,"column":20},"end":{"line":92,"column":45}},"20":{"start":{"line":96,"column":8},"end":{"line":96,"column":3249}},"21":{"start":{"line":98,"column":12},"end":{"line":98,"column":42}},"22":{"start":{"line":100,"column":8},"end":{"line":100,"column":3406}},"23":{"start":{"line":106,"column":8},"end":{"line":106,"column":41}},"24":{"start":{"line":107,"column":8},"end":{"line":107,"column":46}},"25":{"start":{"line":111,"column":8},"end":{"line":111,"column":46}},"26":{"start":{"line":112,"column":8},"end":{"line":112,"column":37}},"27":{"start":{"line":113,"column":8},"end":{"line":113,"column":53}},"28":{"start":{"line":120,"column":8},"end":{"line":120,"column":60}},"29":{"start":{"line":121,"column":8},"end":{"line":121,"column":51}},"30":{"start":{"line":122,"column":8},"end":{"line":122,"column":74}},"31":{"start":{"line":127,"column":8},"end":{"line":127,"column":4417}},"32":{"start":{"line":131,"column":8},"end":{"line":131,"column":45}}},"branchMap":{"1":{"line":47,"type":"if","locations":[{"start":{"line":47,"column":8},"end":{"line":47,"column":8}},{"start":{"line":47,"column":8},"end":{"line":47,"column":8}}]},"2":{"line":51,"type":"if","locations":[{"start":{"line":51,"column":8},"end":{"line":51,"column":8}},{"start":{"line":51,"column":8},"end":{"line":51,"column":8}}]},"3":{"line":85,"type":"if","locations":[{"start":{"line":85,"column":8},"end":{"line":85,"column":8}},{"start":{"line":85,"column":8},"end":{"line":85,"column":8}}]},"4":{"line":88,"type":"if","locations":[{"start":{"line":88,"column":16},"end":{"line":88,"column":16}},{"start":{"line":88,"column":16},"end":{"line":88,"column":16}}]},"5":{"line":96,"type":"if","locations":[{"start":{"line":96,"column":8},"end":{"line":96,"column":8}},{"start":{"line":96,"column":8},"end":{"line":96,"column":8}}]},"6":{"line":100,"type":"if","locations":[{"start":{"line":100,"column":8},"end":{"line":100,"column":8}},{"start":{"line":100,"column":8},"end":{"line":100,"column":8}}]},"7":{"line":127,"type":"if","locations":[{"start":{"line":127,"column":8},"end":{"line":127,"column":8}},{"start":{"line":127,"column":8},"end":{"line":127,"column":8}}]}}},
"contracts/impl/JOJOStorage.sol":{"l":{},"path":"/Users/leimingda/Documents/jojo/contracts/impl/JOJOStorage.sol","s":{},"b":{},"f":{},"fnMap":{},"statementMap":{},"branchMap":{}},
"contracts/impl/JOJOView.sol":{"l":{"20":1,"24":1,"33":1,"42":397,"47":3,"53":1,"62":2,"79":33,"80":33,"81":33,"82":33,"83":33,"90":147,"99":17,"100":17,"101":1,"103":16,"114":2,"115":2,"119":2,"136":7,"150":5,"169":1,"179":1},"path":"/Users/leimingda/Documents/jojo/contracts/impl/JOJOView.sol","s":{"1":1,"2":1,"3":1,"4":397,"5":3,"6":1,"7":2,"8":33,"9":33,"10":33,"11":33,"12":33,"13":147,"14":17,"15":17,"16":1,"17":16,"18":2,"19":2,"20":2,"21":7,"22":5,"23":1,"24":1},"b":{"1":[1,16]},"f":{"1":1,"2":1,"3":1,"4":397,"5":3,"6":1,"7":2,"8":33,"9":147,"10":17,"11":2,"12":7,"13":5,"14":1,"15":1},"fnMap":{"1":{"name":"getPrimaryAsset","line":19,"loc":{"start":{"line":19,"column":4},"end":{"line":21,"column":4}}},"2":{"name":"getSecondaryAsset","line":23,"loc":{"start":{"line":23,"column":4},"end":{"line":25,"column":4}}},"3":{"name":"getRiskParams","line":28,"loc":{"start":{"line":28,"column":4},"end":{"line":34,"column":4}}},"4":{"name":"getFundingRate","line":37,"loc":{"start":{"line":37,"column":4},"end":{"line":43,"column":4}}},"5":{"name":"getRegisteredPerp","line":46,"loc":{"start":{"line":46,"column":4},"end":{"line":48,"column":4}}},"6":{"name":"getMarkPrice","line":52,"loc":{"start":{"line":52,"column":4},"end":{"line":54,"column":4}}},"7":{"name":"getPositions","line":57,"loc":{"start":{"line":57,"column":4},"end":{"line":63,"column":4}}},"8":{"name":"getCreditOf","line":68,"loc":{"start":{"line":68,"column":4},"end":{"line":84,"column":4}}},"9":{"name":"isSafe","line":89,"loc":{"start":{"line":89,"column":4},"end":{"line":91,"column":4}}},"10":{"name":"isPositionSafe","line":94,"loc":{"start":{"line":94,"column":4},"end":{"line":104,"column":4}}},"11":{"name":"getTraderRisk","line":109,"loc":{"start":{"line":109,"column":4},"end":{"line":123,"column":4}}},"12":{"name":"getLiquidationPrice","line":131,"loc":{"start":{"line":131,"column":4},"end":{"line":137,"column":4}}},"13":{"name":"getLiquidationCost","line":141,"loc":{"start":{"line":141,"column":4},"end":{"line":157,"column":4}}},"14":{"name":"getOrderHash","line":164,"loc":{"start":{"line":164,"column":4},"end":{"line":170,"column":4}}},"15":{"name":"getOrderFilledAmount","line":174,"loc":{"start":{"line":174,"column":4},"end":{"line":180,"column":4}}}},"statementMap":{"1":{"start":{"line":20,"column":8},"end":{"line":20,"column":33}},"2":{"start":{"line":24,"column":8},"end":{"line":24,"column":35}},"3":{"start":{"line":33,"column":8},"end":{"line":33,"column":42}},"4":{"start":{"line":42,"column":8},"end":{"line":42,"column":53}},"5":{"start":{"line":47,"column":8},"end":{"line":47,"column":35}},"6":{"start":{"line":53,"column":8},"end":{"line":53,"column":53}},"7":{"start":{"line":62,"column":8},"end":{"line":62,"column":42}},"8":{"start":{"line":79,"column":8},"end":{"line":79,"column":50}},"9":{"start":{"line":80,"column":8},"end":{"line":80,"column":54}},"10":{"start":{"line":81,"column":8},"end":{"line":81,"column":68}},"11":{"start":{"line":82,"column":8},"end":{"line":82,"column":72}},"12":{"start":{"line":83,"column":8},"end":{"line":83,"column":68}},"13":{"start":{"line":90,"column":8},"end":{"line":90,"column":49}},"14":{"start":{"line":99,"column":8},"end":{"line":99,"column":61}},"15":{"start":{"line":100,"column":8},"end":{"line":100,"column":3014}},"16":{"start":{"line":101,"column":12},"end":{"line":101,"column":23}},"17":{"start":{"line":103,"column":8},"end":{"line":103,"column":63}},"18":{"start":{"line":114,"column":8},"end":{"line":114,"column":31}},"19":{"start":{"line":115,"column":8},"end":{"line":115,"column":3494}},"20":{"start":{"line":119,"column":8},"end":{"line":119,"column":3655}},"21":{"start":{"line":136,"column":8},"end":{"line":136,"column":68}},"22":{"start":{"line":150,"column":8},"end":{"line":150,"column":4666}},"23":{"start":{"line":169,"column":8},"end":{"line":169,"column":70}},"24":{"start":{"line":179,"column":8},"end":{"line":179,"column":61}}},"branchMap":{"1":{"line":100,"type":"if","locations":[{"start":{"line":100,"column":8},"end":{"line":100,"column":8}},{"start":{"line":100,"column":8},"end":{"line":100,"column":8}}]}}},
"contracts/impl/Perpetual.sol":{"l":{"50":378,"77":329,"78":329,"87":67,"93":55,"95":55,"96":111,"97":111,"98":111,"112":11,"113":11,"114":11,"127":8,"131":2,"140":6,"147":8,"148":8,"149":8,"150":8,"157":11,"158":11,"180":127,"183":127,"184":127,"187":127,"188":127,"189":127,"190":127,"192":11},"path":"/Users/leimingda/Documents/jojo/contracts/impl/Perpetual.sol","s":{"1":378,"2":329,"3":329,"4":67,"5":55,"6":55,"7":111,"8":111,"9":111,"10":11,"11":11,"12":11,"13":8,"14":2,"15":6,"16":8,"17":8,"18":8,"19":8,"20":11,"21":11,"22":127,"23":127,"24":127,"25":127,"26":127,"27":127,"28":127,"29":11},"b":{"1":[110,1],"2":[2,6],"3":[2,0],"4":[6,0],"5":[8,0],"6":[11,116]},"f":{"1":378,"2":329,"3":67,"4":11,"5":11,"6":127},"fnMap":{"1":{"name":"constructor","line":49,"loc":{"start":{"line":49,"column":4},"end":{"line":51,"column":4}}},"2":{"name":"balanceOf","line":72,"loc":{"start":{"line":72,"column":4},"end":{"line":81,"column":4}}},"3":{"name":"trade","line":86,"loc":{"start":{"line":86,"column":4},"end":{"line":100,"column":4}}},"4":{"name":"liquidate","line":105,"loc":{"start":{"line":105,"column":4},"end":{"line":151,"column":4}}},"5":{"name":"changeCredit","line":156,"loc":{"start":{"line":156,"column":4},"end":{"line":159,"column":4}}},"6":{"name":"_settle","line":174,"loc":{"start":{"line":174,"column":4},"end":{"line":194,"column":4}}}},"statementMap":{"1":{"start":{"line":50,"column":8},"end":{"line":50,"column":32}},"2":{"start":{"line":77,"column":8},"end":{"line":77,"column":47}},"3":{"start":{"line":78,"column":8},"end":{"line":78,"column":2412}},"4":{"start":{"line":87,"column":8},"end":{"line":87,"column":2705}},"5":{"start":{"line":93,"column":8},"end":{"line":93,"column":68}},"6":{"start":{"line":95,"column":8},"end":{"line":95,"column":2928}},"7":{"start":{"line":96,"column":12},"end":{"line":96,"column":42}},"8":{"start":{"line":97,"column":12},"end":{"line":97,"column":73}},"9":{"start":{"line":98,"column":12},"end":{"line":98,"column":70}},"10":{"start":{"line":112,"column":8},"end":{"line":112,"column":31}},"11":{"start":{"line":113,"column":8},"end":{"line":113,"column":32}},"12":{"start":{"line":114,"column":8},"end":{"line":114,"column":3675}},"13":{"start":{"line":127,"column":8},"end":{"line":127,"column":4074}},"14":{"start":{"line":131,"column":12},"end":{"line":131,"column":4350}},"15":{"start":{"line":140,"column":12},"end":{"line":140,"column":4787}},"16":{"start":{"line":147,"column":8},"end":{"line":147,"column":68}},"17":{"start":{"line":148,"column":8},"end":{"line":148,"column":75}},"18":{"start":{"line":149,"column":8},"end":{"line":149,"column":71}},"19":{"start":{"line":150,"column":8},"end":{"line":150,"column":74}},"20":{"start":{"line":157,"column":8},"end":{"line":157,"column":57}},"21":{"start":{"line":158,"column":8},"end":{"line":158,"column":45}},"22":{"start":{"line":180,"column":8},"end":{"line":180,"column":6070}},"23":{"start":{"line":183,"column":8},"end":{"line":183,"column":72}},"24":{"start":{"line":184,"column":8},"end":{"line":184,"column":6286}},"25":{"start":{"line":187,"column":8},"end":{"line":187,"column":42}},"26":{"start":{"line":188,"column":8},"end":{"line":188,"column":58}},"27":{"start":{"line":189,"column":8},"end":{"line":189,"column":61}},"28":{"start":{"line":190,"column":8},"end":{"line":190,"column":6562}},"29":{"start":{"line":192,"column":12},"end":{"line":192,"column":49}}},"branchMap":{"1":{"line":98,"type":"if","locations":[{"start":{"line":98,"column":12},"end":{"line":98,"column":12}},{"start":{"line":98,"column":12},"end":{"line":98,"column":12}}]},"2":{"line":127,"type":"if","locations":[{"start":{"line":127,"column":8},"end":{"line":127,"column":8}},{"start":{"line":127,"column":8},"end":{"line":127,"column":8}}]},"3":{"line":131,"type":"if","locations":[{"start":{"line":131,"column":12},"end":{"line":131,"column":12}},{"start":{"line":131,"column":12},"end":{"line":131,"column":12}}]},"4":{"line":140,"type":"if","locations":[{"start":{"line":140,"column":12},"end":{"line":140,"column":12}},{"start":{"line":140,"column":12},"end":{"line":140,"column":12}}]},"5":{"line":150,"type":"if","locations":[{"start":{"line":150,"column":8},"end":{"line":150,"column":8}},{"start":{"line":150,"column":8},"end":{"line":150,"column":8}}]},"6":{"line":190,"type":"if","locations":[{"start":{"line":190,"column":8},"end":{"line":190,"column":8}},{"start":{"line":190,"column":8},"end":{"line":190,"column":8}}]}}},
"contracts/intf/IDealer.sol":{"l":{},"path":"/Users/leimingda/Documents/jojo/contracts/intf/IDealer.sol","s":{},"b":{},"f":{},"fnMap":{},"statementMap":{},"branchMap":{}},
"contracts/intf/IMarkPriceSource.sol":{"l":{},"path":"/Users/leimingda/Documents/jojo/contracts/intf/IMarkPriceSource.sol","s":{},"b":{},"f":{},"fnMap":{},"statementMap":{},"branchMap":{}},
"contracts/intf/IPerpetual.sol":{"l":{},"path":"/Users/leimingda/Documents/jojo/contracts/intf/IPerpetual.sol","s":{},"b":{},"f":{},"fnMap":{},"statementMap":{},"branchMap":{}},
"contracts/intf/ISubaccount.sol":{"l":{},"path":"/Users/leimingda/Documents/jojo/contracts/intf/ISubaccount.sol","s":{},"b":{},"f":{},"fnMap":{},"statementMap":{},"branchMap":{}},
"contracts/lib/EIP712.sol":{"l":{"18":126,"19":126,"20":126,"23":126,"40":132},"path":"/Users/leimingda/Documents/jojo/contracts/lib/EIP712.sol","s":{"1":126,"2":126,"3":126,"4":126,"5":132},"b":{},"f":{"1":126,"2":132},"fnMap":{"1":{"name":"_buildDomainSeparator","line":13,"loc":{"start":{"line":13,"column":4},"end":{"line":33,"column":4}}},"2":{"name":"_hashTypedDataV4","line":35,"loc":{"start":{"line":35,"column":4},"end":{"line":41,"column":4}}}},"statementMap":{"1":{"start":{"line":18,"column":8},"end":{"line":18,"column":51}},"2":{"start":{"line":19,"column":8},"end":{"line":19,"column":57}},"3":{"start":{"line":20,"column":8},"end":{"line":20,"column":540}},"4":{"start":{"line":23,"column":8},"end":{"line":23,"column":690}},"5":{"start":{"line":40,"column":8},"end":{"line":40,"column":65}}},"branchMap":{}},
"contracts/lib/Funding.sol":{"l":{"51":105,"52":36,"57":36,"59":105,"60":100,"65":100,"67":105,"77":6,"78":4,"80":6,"81":4,"83":6,"86":6,"95":6,"99":6,"100":6,"101":6,"102":6,"105":6,"115":6,"116":3,"117":3,"119":6,"120":3,"121":3,"124":6,"126":3,"132":3,"138":5},"path":"/Users/leimingda/Documents/jojo/contracts/lib/Funding.sol","s":{"1":105,"2":36,"3":36,"4":105,"5":100,"6":100,"7":105,"8":6,"9":4,"10":6,"11":4,"12":6,"13":6,"14":6,"15":6,"16":6,"17":6,"18":6,"19":6,"20":6,"21":3,"22":3,"23":6,"24":3,"25":3,"26":6,"27":3,"28":3,"29":5},"b":{"1":[36,69],"2":[100,5],"3":[4,2],"4":[4,2],"5":[6,0],"6":[3,3],"7":[3,3],"8":[3,3],"9":[3,0],"10":[2,1]},"f":{"1":105,"2":6,"3":6,"4":6},"fnMap":{"1":{"name":"_deposit","line":45,"loc":{"start":{"line":45,"column":4},"end":{"line":68,"column":4}}},"2":{"name":"_requestWithdraw","line":72,"loc":{"start":{"line":72,"column":4},"end":{"line":92,"column":4}}},"3":{"name":"_executeWithdraw","line":94,"loc":{"start":{"line":94,"column":4},"end":{"line":106,"column":4}}},"4":{"name":"_withdraw","line":108,"loc":{"start":{"line":108,"column":4},"end":{"line":139,"column":4}}}},"statementMap":{"1":{"start":{"line":51,"column":8},"end":{"line":51,"column":1161}},"2":{"start":{"line":52,"column":12},"end":{"line":52,"column":1202}},"3":{"start":{"line":57,"column":12},"end":{"line":57,"column":59}},"4":{"start":{"line":59,"column":8},"end":{"line":59,"column":1427}},"5":{"start":{"line":60,"column":12},"end":{"line":60,"column":1470}},"6":{"start":{"line":65,"column":12},"end":{"line":65,"column":55}},"7":{"start":{"line":67,"column":8},"end":{"line":67,"column":68}},"8":{"start":{"line":77,"column":8},"end":{"line":77,"column":1955}},"9":{"start":{"line":78,"column":12},"end":{"line":78,"column":67}},"10":{"start":{"line":80,"column":8},"end":{"line":80,"column":2068}},"11":{"start":{"line":81,"column":12},"end":{"line":81,"column":71}},"12":{"start":{"line":83,"column":8},"end":{"line":83,"column":2212}},"13":{"start":{"line":86,"column":8},"end":{"line":86,"column":2309}},"14":{"start":{"line":95,"column":8},"end":{"line":95,"column":2571}},"15":{"start":{"line":99,"column":8},"end":{"line":99,"column":72}},"16":{"start":{"line":100,"column":8},"end":{"line":100,"column":76}},"17":{"start":{"line":101,"column":8},"end":{"line":101,"column":51}},"18":{"start":{"line":102,"column":8},"end":{"line":102,"column":53}},"19":{"start":{"line":105,"column":8},"end":{"line":105,"column":71}},"20":{"start":{"line":115,"column":8},"end":{"line":115,"column":3349}},"21":{"start":{"line":116,"column":12},"end":{"line":116,"column":62}},"22":{"start":{"line":117,"column":12},"end":{"line":117,"column":69}},"23":{"start":{"line":119,"column":8},"end":{"line":119,"column":3529}},"24":{"start":{"line":120,"column":12},"end":{"line":120,"column":58}},"25":{"start":{"line":121,"column":12},"end":{"line":121,"column":73}},"26":{"start":{"line":124,"column":8},"end":{"line":124,"column":3708}},"27":{"start":{"line":126,"column":12},"end":{"line":126,"column":3824}},"28":{"start":{"line":132,"column":12},"end":{"line":132,"column":4057}},"29":{"start":{"line":138,"column":8},"end":{"line":138,"column":64}}},"branchMap":{"1":{"line":51,"type":"if","locations":[{"start":{"line":51,"column":8},"end":{"line":51,"column":8}},{"start":{"line":51,"column":8},"end":{"line":51,"column":8}}]},"2":{"line":59,"type":"if","locations":[{"start":{"line":59,"column":8},"end":{"line":59,"column":8}},{"start":{"line":59,"column":8},"end":{"line":59,"column":8}}]},"3":{"line":77,"type":"if","locations":[{"start":{"line":77,"column":8},"end":{"line":77,"column":8}},{"start":{"line":77,"column":8},"end":{"line":77,"column":8}}]},"4":{"line":80,"type":"if","locations":[{"start":{"line":80,"column":8},"end":{"line":80,"column":8}},{"start":{"line":80,"column":8},"end":{"line":80,"column":8}}]},"5":{"line":95,"type":"if","locations":[{"start":{"line":95,"column":8},"end":{"line":95,"column":8}},{"start":{"line":95,"column":8},"end":{"line":95,"column":8}}]},"6":{"line":115,"type":"if","locations":[{"start":{"line":115,"column":8},"end":{"line":115,"column":8}},{"start":{"line":115,"column":8},"end":{"line":115,"column":8}}]},"7":{"line":119,"type":"if","locations":[{"start":{"line":119,"column":8},"end":{"line":119,"column":8}},{"start":{"line":119,"column":8},"end":{"line":119,"column":8}}]},"8":{"line":124,"type":"if","locations":[{"start":{"line":124,"column":8},"end":{"line":124,"column":8}},{"start":{"line":124,"column":8},"end":{"line":124,"column":8}}]},"9":{"line":126,"type":"if","locations":[{"start":{"line":126,"column":12},"end":{"line":126,"column":12}},{"start":{"line":126,"column":12},"end":{"line":126,"column":12}}]},"10":{"line":132,"type":"if","locations":[{"start":{"line":132,"column":12},"end":{"line":132,"column":12}},{"start":{"line":132,"column":12},"end":{"line":132,"column":12}}]}}},
"contracts/lib/Liquidation.sol":{"l":{"55":198,"56":198,"57":198,"59":198,"60":237,"63":237,"66":237,"68":237,"70":237,"71":237,"72":237,"74":237,"75":237,"78":237,"79":237,"90":153,"97":153,"114":5,"119":5,"139":32,"143":32,"144":32,"156":7,"157":7,"158":1,"161":6,"166":6,"167":6,"171":6,"172":6,"210":6,"213":6,"219":6,"220":1,"222":5,"223":5,"224":1,"226":4,"249":16,"255":13,"258":13,"259":13,"263":13,"268":13,"269":13,"270":13,"271":13,"272":13,"277":13,"278":13,"288":1},"path":"/Users/leimingda/Documents/jojo/contracts/lib/Liquidation.sol","s":{"1":198,"2":198,"3":198,"4":198,"5":237,"6":237,"7":237,"8":237,"9":237,"10":237,"11":237,"12":237,"13":237,"14":237,"15":237,"16":153,"17":153,"18":5,"19":5,"20":32,"21":32,"22":32,"23":7,"24":7,"25":1,"26":6,"27":6,"28":6,"29":6,"30":6,"31":6,"32":6,"33":6,"34":1,"35":5,"36":5,"37":1,"38":4,"39":16,"40":13,"41":13,"42":13,"43":13,"44":13,"45":13,"46":13,"47":13,"48":13,"49":13,"50":13,"51":1},"b":{"1":[237,0],"2":[1,6],"3":[1,5],"4":[1,4],"5":[13,3],"6":[13,0],"7":[13,0],"8":[13,0]},"f":{"1":198,"2":153,"3":5,"4":32,"5":7,"6":16,"7":1},"fnMap":{"1":{"name":"_getTotalExposure","line":46,"loc":{"start":{"line":46,"column":4},"end":{"line":82,"column":4}}},"2":{"name":"_isSafe","line":85,"loc":{"start":{"line":85,"column":4},"end":{"line":102,"column":4}}},"3":{"name":"_isSolidSafe","line":109,"loc":{"start":{"line":109,"column":4},"end":{"line":125,"column":4}}},"4":{"name":"_isPositionSafe","line":134,"loc":{"start":{"line":134,"column":4},"end":{"line":149,"column":4}}},"5":{"name":"_getLiquidationPrice","line":151,"loc":{"start":{"line":151,"column":4},"end":{"line":228,"column":4}}},"6":{"name":"_getLiquidateCreditAmount","line":234,"loc":{"start":{"line":234,"column":4},"end":{"line":281,"column":4}}},"7":{"name":"_getMarkPrice","line":283,"loc":{"start":{"line":283,"column":4},"end":{"line":290,"column":4}}}},"statementMap":{"1":{"start":{"line":55,"column":8},"end":{"line":55,"column":28}},"2":{"start":{"line":56,"column":8},"end":{"line":56,"column":29}},"3":{"start":{"line":57,"column":8},"end":{"line":57,"column":25}},"4":{"start":{"line":59,"column":8},"end":{"line":59,"column":1485}},"5":{"start":{"line":60,"column":12},"end":{"line":60,"column":1587}},"6":{"start":{"line":63,"column":12},"end":{"line":63,"column":1711}},"7":{"start":{"line":66,"column":12},"end":{"line":66,"column":1858}},"8":{"start":{"line":68,"column":12},"end":{"line":68,"column":73}},"9":{"start":{"line":70,"column":12},"end":{"line":70,"column":50}},"10":{"start":{"line":71,"column":12},"end":{"line":71,"column":47}},"11":{"start":{"line":72,"column":12},"end":{"line":72,"column":50}},"12":{"start":{"line":74,"column":12},"end":{"line":74,"column":44}},"13":{"start":{"line":75,"column":12},"end":{"line":75,"column":36}},"14":{"start":{"line":78,"column":12},"end":{"line":78,"column":2320}},"15":{"start":{"line":79,"column":16},"end":{"line":79,"column":45}},"16":{"start":{"line":90,"column":8},"end":{"line":90,"column":2628}},"17":{"start":{"line":97,"column":8},"end":{"line":97,"column":2855}},"18":{"start":{"line":114,"column":8},"end":{"line":114,"column":3358}},"19":{"start":{"line":119,"column":8},"end":{"line":119,"column":3536}},"20":{"start":{"line":139,"column":8},"end":{"line":139,"column":4190}},"21":{"start":{"line":143,"column":8},"end":{"line":143,"column":78}},"22":{"start":{"line":144,"column":8},"end":{"line":144,"column":4439}},"23":{"start":{"line":156,"column":8},"end":{"line":156,"column":67}},"24":{"start":{"line":157,"column":8},"end":{"line":157,"column":4844}},"25":{"start":{"line":158,"column":12},"end":{"line":158,"column":20}},"26":{"start":{"line":161,"column":8},"end":{"line":161,"column":4910}},"27":{"start":{"line":166,"column":8},"end":{"line":166,"column":67}},"28":{"start":{"line":167,"column":8},"end":{"line":167,"column":5122}},"29":{"start":{"line":171,"column":8},"end":{"line":171,"column":59}},"30":{"start":{"line":172,"column":8},"end":{"line":172,"column":5348}},"31":{"start":{"line":210,"column":8},"end":{"line":210,"column":7239}},"32":{"start":{"line":213,"column":8},"end":{"line":213,"column":7343}},"33":{"start":{"line":219,"column":8},"end":{"line":219,"column":7597}},"34":{"start":{"line":220,"column":12},"end":{"line":220,"column":20}},"35":{"start":{"line":222,"column":8},"end":{"line":222,"column":73}},"36":{"start":{"line":223,"column":8},"end":{"line":223,"column":7754}},"37":{"start":{"line":224,"column":12},"end":{"line":224,"column":20}},"38":{"start":{"line":226,"column":12},"end":{"line":226,"column":47}},"39":{"start":{"line":249,"column":8},"end":{"line":249,"column":8391}},"40":{"start":{"line":255,"column":8},"end":{"line":255,"column":8576}},"41":{"start":{"line":258,"column":8},"end":{"line":258,"column":69}},"42":{"start":{"line":259,"column":8},"end":{"line":259,"column":8754}},"43":{"start":{"line":263,"column":8},"end":{"line":263,"column":8914}},"44":{"start":{"line":268,"column":8},"end":{"line":268,"column":67}},"45":{"start":{"line":269,"column":8},"end":{"line":269,"column":63}},"46":{"start":{"line":270,"column":8},"end":{"line":270,"column":79}},"47":{"start":{"line":271,"column":8},"end":{"line":271,"column":75}},"48":{"start":{"line":272,"column":8},"end":{"line":272,"column":9375}},"49":{"start":{"line":277,"column":8},"end":{"line":277,"column":76}},"50":{"start":{"line":278,"column":8},"end":{"line":278,"column":9582}},"51":{"start":{"line":288,"column":8},"end":{"line":288,"column":9844}}},"branchMap":{"1":{"line":78,"type":"if","locations":[{"start":{"line":78,"column":12},"end":{"line":78,"column":12}},{"start":{"line":78,"column":12},"end":{"line":78,"column":12}}]},"2":{"line":157,"type":"if","locations":[{"start":{"line":157,"column":8},"end":{"line":157,"column":8}},{"start":{"line":157,"column":8},"end":{"line":157,"column":8}}]},"3":{"line":219,"type":"if","locations":[{"start":{"line":219,"column":8},"end":{"line":219,"column":8}},{"start":{"line":219,"column":8},"end":{"line":219,"column":8}}]},"4":{"line":223,"type":"if","locations":[{"start":{"line":223,"column":8},"end":{"line":223,"column":8}},{"start":{"line":223,"column":8},"end":{"line":223,"column":8}}]},"5":{"line":249,"type":"if","locations":[{"start":{"line":249,"column":8},"end":{"line":249,"column":8}},{"start":{"line":249,"column":8},"end":{"line":249,"column":8}}]},"6":{"line":258,"type":"if","locations":[{"start":{"line":258,"column":8},"end":{"line":258,"column":8}},{"start":{"line":258,"column":8},"end":{"line":258,"column":8}}]},"7":{"line":259,"type":"if","locations":[{"start":{"line":259,"column":8},"end":{"line":259,"column":8}},{"start":{"line":259,"column":8},"end":{"line":259,"column":8}}]},"8":{"line":269,"type":"if","locations":[{"start":{"line":269,"column":8},"end":{"line":269,"column":8}},{"start":{"line":269,"column":8},"end":{"line":269,"column":8}}]}}},
"contracts/lib/Trading.sol":{"l":{"48":67,"49":67,"59":67,"66":67,"67":67,"68":131,"73":126,"74":125,"79":124,"80":124,"86":123,"87":123,"97":59,"98":59,"100":59,"101":59,"103":59,"104":61,"105":1,"107":61,"110":59,"114":58,"116":58,"120":58,"121":58,"122":58,"125":58,"126":58,"127":58,"128":60,"131":58,"132":1,"133":1,"137":58,"140":58,"142":58,"146":58,"149":58,"158":58,"159":58,"160":58,"161":58,"162":58,"163":58,"168":56,"170":56,"172":56,"173":56,"174":56,"192":123,"193":113,"194":113,"201":11,"202":11,"204":11,"205":11,"206":11,"207":11,"209":11,"210":11,"211":11,"212":11,"213":11,"214":11,"215":11,"238":60,"240":60,"243":60,"245":50,"246":50,"249":10,"250":10,"280":132,"281":132,"298":1,"309":131,"314":131,"315":2,"322":129,"327":130,"331":129,"341":58,"342":58,"343":58,"346":58,"354":56,"355":56,"356":56,"359":56,"363":130,"364":130,"365":130,"368":130},"path":"/Users/leimingda/Documents/jojo/contracts/lib/Trading.sol","s":{"1":67,"2":67,"3":67,"4":67,"5":67,"6":131,"7":126,"8":125,"9":124,"10":124,"11":123,"12":123,"13":59,"14":59,"15":59,"16":59,"17":61,"18":1,"19":61,"20":59,"21":58,"22":58,"23":58,"24":58,"25":58,"26":58,"27":58,"28":60,"29":58,"30":1,"31":1,"32":58,"33":58,"34":58,"35":58,"36":58,"37":58,"38":58,"39":58,"40":58,"41":58,"42":58,"43":56,"44":56,"45":56,"46":56,"47":123,"48":113,"49":113,"50":11,"51":11,"52":11,"53":11,"54":11,"55":11,"56":11,"57":11,"58":11,"59":11,"60":11,"61":11,"62":60,"63":60,"64":60,"65":50,"66":50,"67":10,"68":10,"69":132,"70":1,"71":131,"72":131,"73":2,"74":129,"75":130,"76":129,"77":58,"78":58,"79":58,"80":56,"81":56,"82":56,"83":130,"84":130,"85":130},"b":{"1":[67,0],"2":[125,1],"3":[124,1],"4":[123,1],"5":[59,0],"6":[1,60],"7":[58,1],"8":[1,57],"9":[113,10],"10":[11,0],"11":[11,0],"12":[50,10],"13":[50,0],"14":[49,1],"15":[10,0],"16":[9,1],"17":[2,129],"18":[2,0],"19":[128,1],"20":[129,1],"21":[126,3]},"f":{"1":67,"2":123,"3":11,"4":60,"5":132,"6":1,"7":131,"8":58,"9":56,"10":130},"fnMap":{"1":{"name":"_approveTrade","line":43,"loc":{"start":{"line":43,"column":4},"end":{"line":183,"column":4}}},"2":{"name":"_addPosition","line":187,"loc":{"start":{"line":187,"column":4},"end":{"line":196,"column":4}}},"3":{"name":"_positionClear","line":198,"loc":{"start":{"line":198,"column":4},"end":{"line":218,"column":4}}},"4":{"name":"_priceMatchCheck","line":222,"loc":{"start":{"line":222,"column":4},"end":{"line":252,"column":4}}},"5":{"name":"_structHash","line":254,"loc":{"start":{"line":254,"column":4},"end":{"line":291,"column":4}}},"6":{"name":"_getOrderHash","line":293,"loc":{"start":{"line":293,"column":4},"end":{"line":302,"column":4}}},"7":{"name":"_validateOrder","line":304,"loc":{"start":{"line":304,"column":4},"end":{"line":336,"column":4}}},"8":{"name":"_info2MakerFeeRate","line":340,"loc":{"start":{"line":340,"column":4},"end":{"line":347,"column":4}}},"9":{"name":"_info2TakerFeeRate","line":349,"loc":{"start":{"line":349,"column":4},"end":{"line":360,"column":4}}},"10":{"name":"_info2Expiration","line":362,"loc":{"start":{"line":362,"column":4},"end":{"line":369,"column":4}}}},"statementMap":{"1":{"start":{"line":48,"column":8},"end":{"line":48,"column":31}},"2":{"start":{"line":49,"column":8},"end":{"line":49,"column":1428}},"3":{"start":{"line":59,"column":8},"end":{"line":59,"column":1811}},"4":{"start":{"line":66,"column":8},"end":{"line":66,"column":72}},"5":{"start":{"line":67,"column":8},"end":{"line":67,"column":2065}},"6":{"start":{"line":68,"column":12},"end":{"line":68,"column":2131}},"7":{"start":{"line":73,"column":12},"end":{"line":73,"column":74}},"8":{"start":{"line":74,"column":12},"end":{"line":74,"column":2372}},"9":{"start":{"line":79,"column":12},"end":{"line":79,"column":73}},"10":{"start":{"line":80,"column":12},"end":{"line":80,"column":2647}},"11":{"start":{"line":86,"column":12},"end":{"line":86,"column":64}},"12":{"start":{"line":87,"column":12},"end":{"line":87,"column":39}},"13":{"start":{"line":98,"column":12},"end":{"line":98,"column":71}},"14":{"start":{"line":100,"column":12},"end":{"line":100,"column":39}},"15":{"start":{"line":101,"column":12},"end":{"line":101,"column":41}},"16":{"start":{"line":103,"column":12},"end":{"line":103,"column":3568}},"17":{"start":{"line":104,"column":16},"end":{"line":104,"column":3637}},"18":{"start":{"line":105,"column":20},"end":{"line":105,"column":39}},"19":{"start":{"line":107,"column":16},"end":{"line":107,"column":59}},"20":{"start":{"line":110,"column":12},"end":{"line":110,"column":3923}},"21":{"start":{"line":114,"column":12},"end":{"line":114,"column":61}},"22":{"start":{"line":116,"column":12},"end":{"line":116,"column":53}},"23":{"start":{"line":120,"column":8},"end":{"line":120,"column":70}},"24":{"start":{"line":121,"column":8},"end":{"line":121,"column":71}},"25":{"start":{"line":125,"column":12},"end":{"line":125,"column":42}},"26":{"start":{"line":126,"column":12},"end":{"line":126,"column":53}},"27":{"start":{"line":127,"column":12},"end":{"line":127,"column":4621}},"28":{"start":{"line":128,"column":16},"end":{"line":128,"column":59}},"29":{"start":{"line":131,"column":16},"end":{"line":131,"column":4805}},"30":{"start":{"line":132,"column":20},"end":{"line":132,"column":42}},"31":{"start":{"line":133,"column":20},"end":{"line":133,"column":78}},"32":{"start":{"line":137,"column":16},"end":{"line":137,"column":5132}},"33":{"start":{"line":140,"column":16},"end":{"line":140,"column":5323}},"34":{"start":{"line":142,"column":16},"end":{"line":142,"column":5395}},"35":{"start":{"line":146,"column":16},"end":{"line":146,"column":5625}},"36":{"start":{"line":149,"column":16},"end":{"line":149,"column":5745}},"37":{"start":{"line":158,"column":16},"end":{"line":158,"column":72}},"38":{"start":{"line":159,"column":16},"end":{"line":159,"column":74}},"39":{"start":{"line":160,"column":16},"end":{"line":160,"column":65}},"40":{"start":{"line":161,"column":16},"end":{"line":161,"column":55}},"41":{"start":{"line":162,"column":16},"end":{"line":162,"column":57}},"42":{"start":{"line":163,"column":16},"end":{"line":163,"column":43}},"43":{"start":{"line":170,"column":12},"end":{"line":170,"column":6639}},"44":{"start":{"line":172,"column":12},"end":{"line":172,"column":49}},"45":{"start":{"line":173,"column":12},"end":{"line":173,"column":44}},"46":{"start":{"line":174,"column":12},"end":{"line":174,"column":6824}},"47":{"start":{"line":192,"column":8},"end":{"line":192,"column":7309}},"48":{"start":{"line":193,"column":12},"end":{"line":193,"column":49}},"49":{"start":{"line":194,"column":12},"end":{"line":194,"column":49}},"50":{"start":{"line":201,"column":8},"end":{"line":201,"column":73}},"51":{"start":{"line":202,"column":8},"end":{"line":202,"column":63}},"52":{"start":{"line":204,"column":8},"end":{"line":204,"column":74}},"53":{"start":{"line":205,"column":8},"end":{"line":205,"column":69}},"54":{"start":{"line":206,"column":8},"end":{"line":206,"column":50}},"55":{"start":{"line":207,"column":8},"end":{"line":207,"column":55}},"56":{"start":{"line":209,"column":8},"end":{"line":209,"column":52}},"57":{"start":{"line":210,"column":8},"end":{"line":210,"column":68}},"58":{"start":{"line":211,"column":8},"end":{"line":211,"column":8099}},"59":{"start":{"line":212,"column":12},"end":{"line":212,"column":8167}},"60":{"start":{"line":213,"column":16},"end":{"line":213,"column":70}},"61":{"start":{"line":214,"column":16},"end":{"line":214,"column":33}},"62":{"start":{"line":238,"column":8},"end":{"line":238,"column":9059}},"63":{"start":{"line":240,"column":8},"end":{"line":240,"column":9160}},"64":{"start":{"line":243,"column":8},"end":{"line":243,"column":9228}},"65":{"start":{"line":245,"column":12},"end":{"line":245,"column":76}},"66":{"start":{"line":246,"column":12},"end":{"line":246,"column":64}},"67":{"start":{"line":249,"column":12},"end":{"line":249,"column":76}},"68":{"start":{"line":250,"column":12},"end":{"line":250,"column":64}},"69":{"start":{"line":280,"column":8},"end":{"line":280,"column":52}},"70":{"start":{"line":298,"column":8},"end":{"line":298,"column":11073}},"71":{"start":{"line":309,"column":8},"end":{"line":309,"column":11367}},"72":{"start":{"line":314,"column":8},"end":{"line":314,"column":11513}},"73":{"start":{"line":315,"column":12},"end":{"line":315,"column":11569}},"74":{"start":{"line":322,"column":12},"end":{"line":322,"column":11812}},"75":{"start":{"line":327,"column":8},"end":{"line":327,"column":11966}},"76":{"start":{"line":331,"column":8},"end":{"line":331,"column":12088}},"77":{"start":{"line":341,"column":8},"end":{"line":341,"column":42}},"78":{"start":{"line":342,"column":8},"end":{"line":342,"column":22}},"79":{"start":{"line":346,"column":8},"end":{"line":346,"column":31}},"80":{"start":{"line":354,"column":8},"end":{"line":354,"column":42}},"81":{"start":{"line":355,"column":8},"end":{"line":355,"column":22}},"82":{"start":{"line":359,"column":8},"end":{"line":359,"column":31}},"83":{"start":{"line":363,"column":8},"end":{"line":363,"column":41}},"84":{"start":{"line":364,"column":8},"end":{"line":364,"column":25}},"85":{"start":{"line":368,"column":8},"end":{"line":368,"column":34}}},"branchMap":{"1":{"line":49,"type":"if","locations":[{"start":{"line":49,"column":8},"end":{"line":49,"column":8}},{"start":{"line":49,"column":8},"end":{"line":49,"column":8}}]},"2":{"line":73,"type":"if","locations":[{"start":{"line":73,"column":12},"end":{"line":73,"column":12}},{"start":{"line":73,"column":12},"end":{"line":73,"column":12}}]},"3":{"line":74,"type":"if","locations":[{"start":{"line":74,"column":12},"end":{"line":74,"column":12}},{"start":{"line":74,"column":12},"end":{"line":74,"column":12}}]},"4":{"line":80,"type":"if","locations":[{"start":{"line":80,"column":12},"end":{"line":80,"column":12}},{"start":{"line":80,"column":12},"end":{"line":80,"column":12}}]},"5":{"line":98,"type":"if","locations":[{"start":{"line":98,"column":12},"end":{"line":98,"column":12}},{"start":{"line":98,"column":12},"end":{"line":98,"column":12}}]},"6":{"line":104,"type":"if","locations":[{"start":{"line":104,"column":16},"end":{"line":104,"column":16}},{"start":{"line":104,"column":16},"end":{"line":104,"column":16}}]},"7":{"line":110,"type":"if","locations":[{"start":{"line":110,"column":12},"end":{"line":110,"column":12}},{"start":{"line":110,"column":12},"end":{"line":110,"column":12}}]},"8":{"line":131,"type":"if","locations":[{"start":{"line":131,"column":16},"end":{"line":131,"column":16}},{"start":{"line":131,"column":16},"end":{"line":131,"column":16}}]},"9":{"line":192,"type":"if","locations":[{"start":{"line":192,"column":8},"end":{"line":192,"column":8}},{"start":{"line":192,"column":8},"end":{"line":192,"column":8}}]},"10":{"line":202,"type":"if","locations":[{"start":{"line":202,"column":8},"end":{"line":202,"column":8}},{"start":{"line":202,"column":8},"end":{"line":202,"column":8}}]},"11":{"line":212,"type":"if","locations":[{"start":{"line":212,"column":12},"end":{"line":212,"column":12}},{"start":{"line":212,"column":12},"end":{"line":212,"column":12}}]},"12":{"line":243,"type":"if","locations":[{"start":{"line":243,"column":8},"end":{"line":243,"column":8}},{"start":{"line":243,"column":8},"end":{"line":243,"column":8}}]},"13":{"line":245,"type":"if","locations":[{"start":{"line":245,"column":12},"end":{"line":245,"column":12}},{"start":{"line":245,"column":12},"end":{"line":245,"column":12}}]},"14":{"line":246,"type":"if","locations":[{"start":{"line":246,"column":12},"end":{"line":246,"column":12}},{"start":{"line":246,"column":12},"end":{"line":246,"column":12}}]},"15":{"line":249,"type":"if","locations":[{"start":{"line":249,"column":12},"end":{"line":249,"column":12}},{"start":{"line":249,"column":12},"end":{"line":249,"column":12}}]},"16":{"line":250,"type":"if","locations":[{"start":{"line":250,"column":12},"end":{"line":250,"column":12}},{"start":{"line":250,"column":12},"end":{"line":250,"column":12}}]},"17":{"line":314,"type":"if","locations":[{"start":{"line":314,"column":8},"end":{"line":314,"column":8}},{"start":{"line":314,"column":8},"end":{"line":314,"column":8}}]},"18":{"line":315,"type":"if","locations":[{"start":{"line":315,"column":12},"end":{"line":315,"column":12}},{"start":{"line":315,"column":12},"end":{"line":315,"column":12}}]},"19":{"line":322,"type":"if","locations":[{"start":{"line":322,"column":12},"end":{"line":322,"column":12}},{"start":{"line":322,"column":12},"end":{"line":322,"column":12}}]},"20":{"line":327,"type":"if","locations":[{"start":{"line":327,"column":8},"end":{"line":327,"column":8}},{"start":{"line":327,"column":8},"end":{"line":327,"column":8}}]},"21":{"line":331,"type":"if","locations":[{"start":{"line":331,"column":8},"end":{"line":331,"column":8}},{"start":{"line":331,"column":8},"end":{"line":331,"column":8}}]}}},
"contracts/lib/Types.sol":{"l":{},"path":"/Users/leimingda/Documents/jojo/contracts/lib/Types.sol","s":{},"b":{},"f":{},"fnMap":{},"statementMap":{},"branchMap":{}},
"contracts/subaccount/Subaccount.sol":{"l":{"33":6,"34":5,"40":10,"41":9,"42":9,"51":6,"57":3,"75":1,"82":1},"path":"/Users/leimingda/Documents/jojo/contracts/subaccount/Subaccount.sol","s":{"1":6,"2":10,"3":9,"4":9,"5":6,"6":3,"7":1,"8":1},"b":{"1":[5,1],"2":[9,1]},"f":{"1":6,"2":10,"3":6,"4":3,"5":1,"6":1},"fnMap":{"1":{"name":"onlyOwner","line":32,"loc":{"start":{"line":32,"column":4},"end":{"line":35,"column":4}}},"2":{"name":"init","line":39,"loc":{"start":{"line":39,"column":4},"end":{"line":43,"column":4}}},"3":{"name":"isValidPerpetualOperator","line":46,"loc":{"start":{"line":46,"column":4},"end":{"line":52,"column":4}}},"4":{"name":"setOperator","line":56,"loc":{"start":{"line":56,"column":4},"end":{"line":58,"column":4}}},"5":{"name":"requestWithdraw","line":74,"loc":{"start":{"line":70,"column":4},"end":{"line":76,"column":4}}},"6":{"name":"executeWithdraw","line":81,"loc":{"start":{"line":81,"column":4},"end":{"line":83,"column":4}}}},"statementMap":{"1":{"start":{"line":33,"column":8},"end":{"line":33,"column":71}},"2":{"start":{"line":40,"column":8},"end":{"line":40,"column":51}},"3":{"start":{"line":41,"column":8},"end":{"line":41,"column":25}},"4":{"start":{"line":42,"column":8},"end":{"line":42,"column":21}},"5":{"start":{"line":51,"column":8},"end":{"line":51,"column":59}},"6":{"start":{"line":57,"column":8},"end":{"line":57,"column":40}},"7":{"start":{"line":75,"column":8},"end":{"line":75,"column":70}},"8":{"start":{"line":82,"column":8},"end":{"line":82,"column":45}}},"branchMap":{"1":{"line":33,"type":"if","locations":[{"start":{"line":33,"column":8},"end":{"line":33,"column":8}},{"start":{"line":33,"column":8},"end":{"line":33,"column":8}}]},"2":{"line":40,"type":"if","locations":[{"start":{"line":40,"column":8},"end":{"line":40,"column":8}},{"start":{"line":40,"column":8},"end":{"line":40,"column":8}}]}}},
"contracts/subaccount/SubaccountFactory.sol":{"l":{"28":3,"29":3,"38":6,"39":6,"40":6,"41":6,"52":4},"path":"/Users/leimingda/Documents/jojo/contracts/subaccount/SubaccountFactory.sol","s":{"1":3,"2":3,"3":6,"4":6,"5":6,"6":6,"7":4},"b":{},"f":{"1":3,"2":6,"3":4},"fnMap":{"1":{"name":"constructor","line":27,"loc":{"start":{"line":27,"column":4},"end":{"line":30,"column":4}}},"2":{"name":"newSubaccount","line":37,"loc":{"start":{"line":37,"column":4},"end":{"line":45,"column":4}}},"3":{"name":"getSubaccounts","line":47,"loc":{"start":{"line":47,"column":4},"end":{"line":53,"column":4}}}},"statementMap":{"1":{"start":{"line":28,"column":8},"end":{"line":28,"column":43}},"2":{"start":{"line":29,"column":8},"end":{"line":29,"column":47}},"3":{"start":{"line":38,"column":8},"end":{"line":38,"column":42}},"4":{"start":{"line":39,"column":8},"end":{"line":39,"column":46}},"5":{"start":{"line":40,"column":8},"end":{"line":40,"column":54}},"6":{"start":{"line":41,"column":8},"end":{"line":41,"column":1179}},"7":{"start":{"line":52,"column":8},"end":{"line":52,"column":41}}},"branchMap":{}},
"contracts/testSupport/TestERC20.sol":{"l":{"19":254,"20":254},"path":"/Users/leimingda/Documents/jojo/contracts/testSupport/TestERC20.sol","s":{"1":254,"2":254},"b":{},"f":{"1":252,"2":254},"fnMap":{"1":{"name":"constructor","line":15,"loc":{"start":{"line":14,"column":4},"end":{"line":16,"column":5}}},"2":{"name":"mint","line":18,"loc":{"start":{"line":18,"column":4},"end":{"line":22,"column":4}}}},"statementMap":{"1":{"start":{"line":19,"column":8},"end":{"line":19,"column":473}},"2":{"start":{"line":20,"column":12},"end":{"line":20,"column":34}}},"branchMap":{}},
"contracts/testSupport/TestMarkPriceSource.sol":{"l":{"20":257,"24":150,"25":150,"26":150,"27":150},"path":"/Users/leimingda/Documents/jojo/contracts/testSupport/TestMarkPriceSource.sol","s":{"1":257,"2":150,"3":150,"4":150},"b":{},"f":{"1":257,"2":150},"fnMap":{"1":{"name":"getMarkPrice","line":19,"loc":{"start":{"line":19,"column":4},"end":{"line":21,"column":4}}},"2":{"name":"setMarkPrice","line":23,"loc":{"start":{"line":23,"column":4},"end":{"line":28,"column":4}}}},"statementMap":{"1":{"start":{"line":20,"column":8},"end":{"line":20,"column":20}},"2":{"start":{"line":24,"column":8},"end":{"line":24,"column":23}},"3":{"start":{"line":26,"column":8},"end":{"line":26,"column":34}},"4":{"start":{"line":27,"column":8},"end":{"line":27,"column":61}}},"branchMap":{}},
"contracts/utils/Errors.sol":{"l":{},"path":"/Users/leimingda/Documents/jojo/contracts/utils/Errors.sol","s":{},"b":{},"f":{},"fnMap":{},"statementMap":{},"branchMap":{}},
"contracts/utils/SignedDecimalMath.sol":{"l":{"13":964,"17":5,"21":520},"path":"/Users/leimingda/Documents/jojo/contracts/utils/SignedDecimalMath.sol","s":{"1":964,"2":5,"3":520},"b":{},"f":{"1":964,"2":5,"3":520},"fnMap":{"1":{"name":"decimalMul","line":12,"loc":{"start":{"line":12,"column":4},"end":{"line":14,"column":4}}},"2":{"name":"decimalDiv","line":16,"loc":{"start":{"line":16,"column":4},"end":{"line":18,"column":4}}},"3":{"name":"abs","line":20,"loc":{"start":{"line":20,"column":4},"end":{"line":22,"column":4}}}},"statementMap":{"1":{"start":{"line":13,"column":8},"end":{"line":13,"column":28}},"2":{"start":{"line":17,"column":8},"end":{"line":17,"column":28}},"3":{"start":{"line":21,"column":8},"end":{"line":21,"column":51}}},"branchMap":{}}}
