TN:
SF:/Users/leimingda/Documents/jojo/contracts/impl/JOJODealer.sol
FN:19,constructor
FN:28,version
FNF:2
FNH:2
FNDA:129,constructor
FNDA:1,version
DA:20,129
DA:21,129
DA:29,1
LF:3
LH:3
BRF:0
BRH:0
end_of_record
TN:
SF:/Users/leimingda/Documents/jojo/contracts/impl/JOJOExternal.sol
FN:31,deposit
FN:38,requestWithdraw
FN:44,executeWithdraw
FN:51,approveTrade
FN:83,requestLiquidate
FN:141,positionClear
FNF:6
FNH:6
FNDA:106,deposit
FNDA:7,requestWithdraw
FNDA:7,executeWithdraw
FNDA:67,approveTrade
FNDA:10,requestLiquidate
FNDA:11,positionClear
DA:32,106
DA:40,7
DA:45,7
DA:59,67
DA:66,56
DA:68,56
DA:69,2
DA:75,55
DA:96,10
DA:97,10
DA:98,10
DA:105,8
DA:106,8
DA:109,8
DA:112,8
DA:113,8
DA:116,8
DA:117,8
DA:118,8
DA:125,8
DA:133,8
DA:142,11
LF:22
LH:22
BRDA:68,1,0,2
BRDA:68,1,1,54
BRDA:69,2,0,1
BRDA:69,2,1,1
BRDA:105,3,0,8
BRDA:105,3,1,0
BRF:6
BRH:5
end_of_record
TN:
SF:/Users/leimingda/Documents/jojo/contracts/impl/JOJOOperation.sol
FN:46,handleBadDebt
FN:69,updateFundingRate
FN:83,setPerpRiskParams
FN:110,setInsurance
FN:118,setWithdrawTimeLock
FN:126,setSecondaryAsset
FNF:6
FNH:6
FNDA:3,handleBadDebt
FNDA:14,updateFundingRate
FNDA:130,setPerpRiskParams
FNDA:43,setInsurance
FNDA:1,setWithdrawTimeLock
FNDA:43,setSecondaryAsset
DA:47,3
DA:51,2
DA:55,1
DA:56,1
DA:57,1
DA:58,1
DA:59,1
DA:60,1
DA:61,1
DA:70,14
DA:71,14
DA:72,14
DA:73,14
DA:74,14
DA:85,130
DA:87,1
DA:88,2
DA:89,1
DA:92,1
DA:96,130
DA:98,129
DA:100,130
DA:106,130
DA:107,130
DA:111,43
DA:112,43
DA:113,43
DA:120,1
DA:121,1
DA:122,1
DA:127,43
DA:131,43
LF:32
LH:32
BRDA:47,1,0,2
BRDA:47,1,1,1
BRDA:51,2,0,1
BRDA:51,2,1,1
BRDA:85,3,0,1
BRDA:85,3,1,129
BRDA:88,4,0,1
BRDA:88,4,1,1
BRDA:96,5,0,129
BRDA:96,5,1,1
BRDA:100,6,0,130
BRDA:100,6,1,0
BRDA:127,7,0,43
BRDA:127,7,1,0
BRF:14
BRH:12
end_of_record
TN:
SF:/Users/leimingda/Documents/jojo/contracts/impl/JOJOStorage.sol
FNF:0
FNH:0
LF:0
LH:0
BRF:0
BRH:0
end_of_record
TN:
SF:/Users/leimingda/Documents/jojo/contracts/impl/JOJOView.sol
FN:19,getPrimaryAsset
FN:23,getSecondaryAsset
FN:28,getRiskParams
FN:37,getFundingRate
FN:46,getRegisteredPerp
FN:52,getMarkPrice
FN:57,getPositions
FN:68,getCreditOf
FN:89,isSafe
FN:94,isPositionSafe
FN:109,getTraderRisk
FN:131,getLiquidationPrice
FN:141,getLiquidationCost
FN:164,getOrderHash
FN:174,getOrderFilledAmount
FNF:15
FNH:15
FNDA:1,getPrimaryAsset
FNDA:1,getSecondaryAsset
FNDA:1,getRiskParams
FNDA:405,getFundingRate
FNDA:3,getRegisteredPerp
FNDA:1,getMarkPrice
FNDA:2,getPositions
FNDA:35,getCreditOf
FNDA:147,isSafe
FNDA:17,isPositionSafe
FNDA:2,getTraderRisk
FNDA:8,getLiquidationPrice
FNDA:5,getLiquidationCost
FNDA:1,getOrderHash
FNDA:1,getOrderFilledAmount
DA:20,1
DA:24,1
DA:33,1
DA:42,405
DA:47,3
DA:53,1
DA:62,2
DA:79,35
DA:80,35
DA:81,35
DA:82,35
DA:83,35
DA:90,147
DA:99,17
DA:100,17
DA:101,1
DA:103,16
DA:114,2
DA:115,2
DA:119,2
DA:136,8
DA:150,5
DA:169,1
DA:179,1
LF:24
LH:24
BRDA:100,1,0,1
BRDA:100,1,1,16
BRF:2
BRH:2
end_of_record
TN:
SF:/Users/leimingda/Documents/jojo/contracts/impl/Perpetual.sol
FN:49,constructor
FN:72,balanceOf
FN:86,trade
FN:105,liquidate
FN:156,changeCredit
FN:174,_settle
FNF:6
FNH:6
FNDA:387,constructor
FNDA:337,balanceOf
FNDA:67,trade
FNDA:10,liquidate
FNDA:11,changeCredit
FNDA:127,_settle
DA:50,387
DA:77,337
DA:78,337
DA:87,67
DA:93,55
DA:95,55
DA:96,111
DA:97,111
DA:98,111
DA:112,10
DA:113,10
DA:114,10
DA:127,8
DA:131,2
DA:140,6
DA:147,8
DA:148,8
DA:149,8
DA:150,8
DA:157,11
DA:158,11
DA:180,127
DA:183,127
DA:184,127
DA:187,127
DA:188,127
DA:189,127
DA:190,127
DA:192,11
LF:29
LH:29
BRDA:98,1,0,110
BRDA:98,1,1,1
BRDA:127,2,0,2
BRDA:127,2,1,6
BRDA:131,3,0,2
BRDA:131,3,1,0
BRDA:140,4,0,6
BRDA:140,4,1,0
BRDA:150,5,0,8
BRDA:150,5,1,0
BRDA:190,6,0,11
BRDA:190,6,1,116
BRF:12
BRH:9
end_of_record
TN:
SF:/Users/leimingda/Documents/jojo/contracts/intf/IDealer.sol
FNF:0
FNH:0
LF:0
LH:0
BRF:0
BRH:0
end_of_record
TN:
SF:/Users/leimingda/Documents/jojo/contracts/intf/IMarkPriceSource.sol
FNF:0
FNH:0
LF:0
LH:0
BRF:0
BRH:0
end_of_record
TN:
SF:/Users/leimingda/Documents/jojo/contracts/intf/IPerpetual.sol
FNF:0
FNH:0
LF:0
LH:0
BRF:0
BRH:0
end_of_record
TN:
SF:/Users/leimingda/Documents/jojo/contracts/intf/ISubaccount.sol
FNF:0
FNH:0
LF:0
LH:0
BRF:0
BRH:0
end_of_record
TN:
SF:/Users/leimingda/Documents/jojo/contracts/lib/EIP712.sol
FN:13,_buildDomainSeparator
FN:35,_hashTypedDataV4
FNF:2
FNH:2
FNDA:129,_buildDomainSeparator
FNDA:132,_hashTypedDataV4
DA:18,129
DA:19,129
DA:20,129
DA:23,129
DA:40,132
LF:5
LH:5
BRF:0
BRH:0
end_of_record
TN:
SF:/Users/leimingda/Documents/jojo/contracts/lib/Funding.sol
FN:45,_deposit
FN:72,_requestWithdraw
FN:94,_executeWithdraw
FN:119,_withdraw
FNF:4
FNH:4
FNDA:106,_deposit
FNDA:7,_requestWithdraw
FNDA:7,_executeWithdraw
FNDA:7,_withdraw
DA:51,106
DA:52,37
DA:57,37
DA:59,106
DA:60,101
DA:65,101
DA:67,106
DA:77,7
DA:78,5
DA:80,7
DA:81,5
DA:83,7
DA:86,7
DA:99,7
DA:103,7
DA:104,7
DA:105,7
DA:106,7
DA:109,7
DA:127,7
DA:128,4
DA:129,4
DA:130,1
DA:132,3
DA:135,7
DA:136,4
DA:137,4
DA:138,1
DA:140,3
DA:144,7
DA:146,4
DA:152,3
DA:155,7
LF:33
LH:33
BRDA:51,1,0,37
BRDA:51,1,1,69
BRDA:59,2,0,101
BRDA:59,2,1,5
BRDA:77,3,0,5
BRDA:77,3,1,2
BRDA:80,4,0,5
BRDA:80,4,1,2
BRDA:99,5,0,7
BRDA:99,5,1,0
BRDA:127,6,0,4
BRDA:127,6,1,3
BRDA:129,7,0,1
BRDA:129,7,1,3
BRDA:135,8,0,4
BRDA:135,8,1,3
BRDA:137,9,0,1
BRDA:137,9,1,3
BRDA:144,10,0,4
BRDA:144,10,1,3
BRDA:146,11,0,4
BRDA:146,11,1,0
BRDA:152,12,0,3
BRDA:152,12,1,0
BRF:24
BRH:21
end_of_record
TN:
SF:/Users/leimingda/Documents/jojo/contracts/lib/Liquidation.sol
FN:46,_getTotalExposure
FN:85,_isSafe
FN:109,_isSolidSafe
FN:134,_isPositionSafe
FN:151,_getLiquidationPrice
FN:234,_getLiquidateCreditAmount
FN:283,_getMarkPrice
FNF:7
FNH:7
FNDA:199,_getTotalExposure
FNDA:153,_isSafe
FNDA:6,_isSolidSafe
FNDA:31,_isPositionSafe
FNDA:8,_getLiquidationPrice
FNDA:15,_getLiquidateCreditAmount
FNDA:1,_getMarkPrice
DA:55,199
DA:56,199
DA:57,199
DA:59,199
DA:60,244
DA:63,244
DA:66,244
DA:68,244
DA:70,244
DA:71,244
DA:72,244
DA:74,244
DA:75,244
DA:78,244
DA:79,244
DA:90,153
DA:97,153
DA:114,6
DA:119,6
DA:139,31
DA:143,31
DA:144,31
DA:156,8
DA:157,8
DA:158,1
DA:161,7
DA:166,7
DA:167,7
DA:171,7
DA:172,7
DA:210,7
DA:213,7
DA:219,7
DA:220,1
DA:222,6
DA:223,6
DA:224,1
DA:226,5
DA:249,15
DA:255,13
DA:258,13
DA:259,13
DA:263,13
DA:268,13
DA:269,13
DA:270,13
DA:271,13
DA:272,13
DA:277,13
DA:278,13
DA:288,1
LF:51
LH:51
BRDA:78,1,0,244
BRDA:78,1,1,0
BRDA:157,2,0,1
BRDA:157,2,1,7
BRDA:219,3,0,1
BRDA:219,3,1,6
BRDA:223,4,0,1
BRDA:223,4,1,5
BRDA:249,5,0,13
BRDA:249,5,1,2
BRDA:258,6,0,13
BRDA:258,6,1,0
BRDA:259,7,0,13
BRDA:259,7,1,0
BRDA:269,8,0,13
BRDA:269,8,1,0
BRF:16
BRH:12
end_of_record
TN:
SF:/Users/leimingda/Documents/jojo/contracts/lib/Trading.sol
FN:43,_approveTrade
FN:187,_addPosition
FN:198,_positionClear
FN:222,_priceMatchCheck
FN:254,_structHash
FN:293,_getOrderHash
FN:304,_validateOrder
FN:340,_info2MakerFeeRate
FN:349,_info2TakerFeeRate
FN:362,_info2Expiration
FNF:10
FNH:10
FNDA:67,_approveTrade
FNDA:131,_addPosition
FNDA:11,_positionClear
FNDA:60,_priceMatchCheck
FNDA:132,_structHash
FNDA:1,_getOrderHash
FNDA:131,_validateOrder
FNDA:58,_info2MakerFeeRate
FNDA:56,_info2TakerFeeRate
FNDA:130,_info2Expiration
DA:48,67
DA:49,67
DA:59,67
DA:66,67
DA:67,67
DA:68,131
DA:73,126
DA:74,125
DA:79,124
DA:80,124
DA:86,123
DA:87,123
DA:97,59
DA:98,59
DA:100,59
DA:101,59
DA:103,59
DA:104,61
DA:105,1
DA:107,61
DA:110,59
DA:114,58
DA:116,58
DA:120,58
DA:121,58
DA:122,58
DA:125,58
DA:126,58
DA:127,58
DA:128,60
DA:131,58
DA:132,1
DA:133,1
DA:137,58
DA:140,58
DA:142,58
DA:146,58
DA:149,58
DA:158,58
DA:159,58
DA:160,58
DA:161,58
DA:162,58
DA:163,58
DA:168,56
DA:170,56
DA:172,56
DA:173,56
DA:174,56
DA:192,131
DA:193,121
DA:194,121
DA:201,11
DA:202,11
DA:204,11
DA:205,11
DA:206,11
DA:207,11
DA:209,11
DA:210,11
DA:211,11
DA:212,11
DA:213,11
DA:214,11
DA:215,11
DA:238,60
DA:240,60
DA:243,60
DA:245,50
DA:246,50
DA:249,10
DA:250,10
DA:280,132
DA:281,132
DA:298,1
DA:309,131
DA:314,131
DA:315,2
DA:322,129
DA:327,130
DA:331,129
DA:341,58
DA:342,58
DA:343,58
DA:346,58
DA:354,56
DA:355,56
DA:356,56
DA:359,56
DA:363,130
DA:364,130
DA:365,130
DA:368,130
LF:93
LH:93
BRDA:49,1,0,67
BRDA:49,1,1,0
BRDA:73,2,0,125
BRDA:73,2,1,1
BRDA:74,3,0,124
BRDA:74,3,1,1
BRDA:80,4,0,123
BRDA:80,4,1,1
BRDA:98,5,0,59
BRDA:98,5,1,0
BRDA:104,6,0,1
BRDA:104,6,1,60
BRDA:110,7,0,58
BRDA:110,7,1,1
BRDA:131,8,0,1
BRDA:131,8,1,57
BRDA:192,9,0,121
BRDA:192,9,1,10
BRDA:202,10,0,11
BRDA:202,10,1,0
BRDA:212,11,0,11
BRDA:212,11,1,0
BRDA:243,12,0,50
BRDA:243,12,1,10
BRDA:245,13,0,50
BRDA:245,13,1,0
BRDA:246,14,0,49
BRDA:246,14,1,1
BRDA:249,15,0,10
BRDA:249,15,1,0
BRDA:250,16,0,9
BRDA:250,16,1,1
BRDA:314,17,0,2
BRDA:314,17,1,129
BRDA:315,18,0,2
BRDA:315,18,1,0
BRDA:322,19,0,128
BRDA:322,19,1,1
BRDA:327,20,0,129
BRDA:327,20,1,1
BRDA:331,21,0,126
BRDA:331,21,1,3
BRF:42
BRH:35
end_of_record
TN:
SF:/Users/leimingda/Documents/jojo/contracts/lib/Types.sol
FNF:0
FNH:0
LF:0
LH:0
BRF:0
BRH:0
end_of_record
TN:
SF:/Users/leimingda/Documents/jojo/contracts/subaccount/Subaccount.sol
FN:32,onlyOwner
FN:39,init
FN:46,isValidPerpetualOperator
FN:56,setOperator
FN:74,requestWithdraw
FN:81,executeWithdraw
FNF:6
FNH:6
FNDA:6,onlyOwner
FNDA:10,init
FNDA:6,isValidPerpetualOperator
FNDA:3,setOperator
FNDA:1,requestWithdraw
FNDA:1,executeWithdraw
DA:33,6
DA:34,5
DA:40,10
DA:41,9
DA:42,9
DA:51,6
DA:57,3
DA:75,1
DA:82,1
LF:9
LH:9
BRDA:33,1,0,5
BRDA:33,1,1,1
BRDA:40,2,0,9
BRDA:40,2,1,1
BRF:4
BRH:4
end_of_record
TN:
SF:/Users/leimingda/Documents/jojo/contracts/subaccount/SubaccountFactory.sol
FN:27,constructor
FN:37,newSubaccount
FN:47,getSubaccounts
FNF:3
FNH:3
FNDA:3,constructor
FNDA:6,newSubaccount
FNDA:4,getSubaccounts
DA:28,3
DA:29,3
DA:38,6
DA:39,6
DA:40,6
DA:41,6
DA:52,4
LF:7
LH:7
BRF:0
BRH:0
end_of_record
TN:
SF:/Users/leimingda/Documents/jojo/contracts/testSupport/TestERC20.sol
FN:15,constructor
FN:18,mint
FNF:2
FNH:2
FNDA:258,constructor
FNDA:260,mint
DA:19,260
DA:20,260
LF:2
LH:2
BRF:0
BRH:0
end_of_record
TN:
SF:/Users/leimingda/Documents/jojo/contracts/testSupport/TestMarkPriceSource.sol
FN:19,getMarkPrice
FN:23,setMarkPrice
FNF:2
FNH:2
FNDA:265,getMarkPrice
FNDA:153,setMarkPrice
DA:20,265
DA:24,153
DA:25,153
DA:26,153
DA:27,153
LF:5
LH:5
BRF:0
BRH:0
end_of_record
TN:
SF:/Users/leimingda/Documents/jojo/contracts/utils/Errors.sol
FNF:0
FNH:0
LF:0
LH:0
BRF:0
BRH:0
end_of_record
TN:
SF:/Users/leimingda/Documents/jojo/contracts/utils/SignedDecimalMath.sol
FN:12,decimalMul
FN:16,decimalDiv
FN:20,abs
FNF:3
FNH:3
FNDA:989,decimalMul
FNDA:6,decimalDiv
FNDA:528,abs
DA:13,989
DA:17,6
DA:21,528
LF:3
LH:3
BRF:0
BRH:0
end_of_record
